"../../../Engine/Plugins/2D/Paper2D/Content/PlaceholderTextures/DummySpriteTexture.ubulk" 0
"../../../Engine/Plugins/2D/Paper2D/Content/PlaceholderTextures/DummySpriteTexture.uasset" 1
"../../../Engine/Plugins/2D/Paper2D/Content/PlaceholderTextures/DummySpriteTexture.uexp" 2
"../../../Engine/Plugins/2D/Paper2D/Content/DummySprite.uasset" 3
"../../../Engine/Plugins/2D/Paper2D/Content/DummySprite.uexp" 4
"../../../Engine/Plugins/2D/Paper2D/Content/DefaultPaperTerrainMaterial.uasset" 5
"../../../Engine/Plugins/2D/Paper2D/Content/DefaultPaperTerrainMaterial.uexp" 6
"../../../Engine/Plugins/Interchange/Runtime/Content/Pipelines/DefaultTexturePipeline.uasset" 7
"../../../Engine/Plugins/Interchange/Runtime/Content/Pipelines/DefaultTexturePipeline.uexp" 8
"../../../Engine/Plugins/Interchange/Runtime/Content/Pipelines/DefaultSceneLevelPipeline.uasset" 9
"../../../Engine/Plugins/Interchange/Runtime/Content/Pipelines/DefaultSceneLevelPipeline.uexp" 10
"../../../Engine/Plugins/Interchange/Runtime/Content/Pipelines/DefaultSceneAssetsPipeline.uasset" 11
"../../../Engine/Plugins/Interchange/Runtime/Content/Pipelines/DefaultSceneAssetsPipeline.uexp" 12
"../../../Engine/Plugins/Interchange/Runtime/Content/Pipelines/DefaultMaterialXPipeline.uasset" 13
"../../../Engine/Plugins/Interchange/Runtime/Content/Pipelines/DefaultMaterialXPipeline.uexp" 14
"../../../Engine/Plugins/Interchange/Runtime/Content/Pipelines/DefaultMaterialPipeline.uasset" 15
"../../../Engine/Plugins/Interchange/Runtime/Content/Pipelines/DefaultMaterialPipeline.uexp" 16
"../../../Engine/Plugins/Interchange/Runtime/Content/Pipelines/DefaultGLTFSceneAssetsPipeline.uasset" 17
"../../../Engine/Plugins/Interchange/Runtime/Content/Pipelines/DefaultGLTFSceneAssetsPipeline.uexp" 18
"../../../Engine/Plugins/Interchange/Runtime/Content/Pipelines/DefaultGLTFPipeline.uasset" 19
"../../../Engine/Plugins/Interchange/Runtime/Content/Pipelines/DefaultGLTFPipeline.uexp" 20
"../../../Engine/Plugins/Interchange/Runtime/Content/Pipelines/DefaultGLTFAssetsPipeline.uasset" 21
"../../../Engine/Plugins/Interchange/Runtime/Content/Pipelines/DefaultGLTFAssetsPipeline.uexp" 22
"../../../Engine/Plugins/Interchange/Runtime/Content/Pipelines/DefaultAssetsPipeline.uasset" 23
"../../../Engine/Plugins/Interchange/Runtime/Content/Pipelines/DefaultAssetsPipeline.uexp" 24
"../../../Engine/Plugins/Animation/ControlRig/Content/Controls/DefaultGizmoLibraryNormalized.uasset" 25
"../../../Engine/Plugins/Animation/ControlRig/Content/Controls/DefaultGizmoLibraryNormalized.uexp" 26
"../../../Engine/Content/EngineSounds/Master.uasset" 27
"../../../Engine/Content/EngineSounds/Master.uexp" 28
"../../../Engine/Content/EngineMaterials/DefaultPhysicalMaterial.uasset" 29
"../../../Engine/Content/EngineMaterials/DefaultPhysicalMaterial.uexp" 30
"../../../Engine/Content/EngineMaterials/DefaultDestructiblePhysicalMaterial.uasset" 31
"../../../Engine/Content/EngineMaterials/DefaultDestructiblePhysicalMaterial.uexp" 32
"../../../Engine/Content/EngineFonts/Faces/RobotoLight.uexp" 33
"../../../Engine/Content/EngineFonts/Faces/RobotoLight.uasset" 34
"../../../Engine/Content/EngineFonts/Faces/RobotoLight.ufont" 35
"../../../Engine/Content/EngineFonts/Faces/RobotoBold.uexp" 36
"../../../Engine/Content/EngineFonts/Faces/RobotoBold.uasset" 37
"../../../Engine/Content/EngineFonts/Faces/RobotoBold.ufont" 38
"../../../Engine/Content/EngineFonts/Faces/RobotoRegular.uexp" 39
"../../../Engine/Content/EngineFonts/Faces/RobotoRegular.uasset" 40
"../../../Engine/Content/EngineFonts/Faces/RobotoRegular.ufont" 41
"../../../Engine/Content/EngineFonts/Faces/DroidSansFallback.uexp" 42
"../../../Engine/Content/EngineFonts/Faces/DroidSansFallback.uasset" 43
"../../../Engine/Content/EngineFonts/Faces/DroidSansFallback.ufont" 44
"../../../Engine/Content/EngineFonts/Faces/RobotoItalic.uexp" 45
"../../../Engine/Content/EngineFonts/Faces/RobotoItalic.uasset" 46
"../../../Engine/Content/EngineFonts/Faces/RobotoItalic.ufont" 47
"../../../Engine/Content/EngineFonts/Faces/RobotoBoldItalic.uexp" 48
"../../../Engine/Content/EngineFonts/Faces/RobotoBoldItalic.uasset" 49
"../../../Engine/Content/EngineFonts/Faces/RobotoBoldItalic.ufont" 50
"../../../Engine/Content/EngineFonts/Roboto.uasset" 51
"../../../Engine/Content/EngineFonts/Roboto.uexp" 52
"../../../Engine/Content/MobileResources/HUD/VirtualJoystick_Background.uasset" 53
"../../../Engine/Content/MobileResources/HUD/VirtualJoystick_Background.uexp" 54
"../../../Engine/Content/MobileResources/HUD/VirtualJoystick_Thumb.uasset" 55
"../../../Engine/Content/MobileResources/HUD/VirtualJoystick_Thumb.uexp" 56
"../../../Engine/Content/MobileResources/HUD/DefaultVirtualJoysticks.uasset" 57
"../../../Engine/Content/MobileResources/HUD/DefaultVirtualJoysticks.uexp" 58
"../../../Engine/Content/EditorResources/S_Actor.ubulk" 59
"../../../Engine/Content/EditorResources/S_Actor.uasset" 60
"../../../Engine/Content/EditorResources/S_Actor.uexp" 61
"../../../Engine/Plugins/Runtime/AudioWidgets/Content/Resources/ScrubHandleDown_Clamped.uasset" 62
"../../../Engine/Plugins/Runtime/AudioWidgets/Content/Resources/ScrubHandleDown_Clamped.uexp" 63
"../../../Engine/Content/EngineResources/GradientTexture0.uasset" 64
"../../../Engine/Content/EngineResources/GradientTexture0.uexp" 65
"../../../Engine/Content/EngineResources/DefaultTexture.ubulk" 66
"../../../Engine/Content/EngineResources/DefaultTexture.uasset" 67
"../../../Engine/Content/EngineResources/DefaultTexture.uexp" 68
"../../../Engine/Content/EngineResources/Black.uasset" 69
"../../../Engine/Content/EngineResources/Black.uexp" 70
"../../../Engine/Content/EngineMaterials/PreintegratedSkinBRDF.uasset" 71
"../../../Engine/Content/EngineMaterials/PreintegratedSkinBRDF.uexp" 72
"../../../Engine/Content/EngineMaterials/MiniFont.uasset" 73
"../../../Engine/Content/EngineMaterials/MiniFont.uexp" 74
"../../../Engine/Content/EngineMaterials/FastBlueNoise_vec2_128x128x64.uasset" 75
"../../../Engine/Content/EngineMaterials/FastBlueNoise_vec2_128x128x64.uexp" 76
"../../../Engine/Content/EngineMaterials/FastBlueNoise_scalar_128x128x64.uasset" 77
"../../../Engine/Content/EngineMaterials/FastBlueNoise_scalar_128x128x64.uexp" 78
"../../../Engine/Content/EngineMaterials/DefaultWhiteGrid.ubulk" 79
"../../../Engine/Content/EngineMaterials/DefaultWhiteGrid.uasset" 80
"../../../Engine/Content/EngineMaterials/DefaultWhiteGrid.uexp" 81
"../../../Engine/Content/EngineMaterials/DefaultBokeh.uasset" 82
"../../../Engine/Content/EngineMaterials/DefaultBokeh.uexp" 83
"../../../Engine/Content/EngineMaterials/DefaultBloomKernel.uasset" 84
"../../../Engine/Content/EngineMaterials/DefaultBloomKernel.uexp" 85
"../../../Engine/Content/EngineDamageTypes/DmgTypeBP_Environmental.uasset" 86
"../../../Engine/Content/EngineDamageTypes/DmgTypeBP_Environmental.uexp" 87
"../../../Engine/Content/EditorResources/S_TriggerSphere.uasset" 88
"../../../Engine/Content/EditorResources/S_TriggerSphere.uexp" 89
"../../../Engine/Content/EditorResources/S_TriggerCapsule.uasset" 90
"../../../Engine/Content/EditorResources/S_TriggerCapsule.uexp" 91
"../../../Engine/Content/EditorResources/S_TriggerBox.uasset" 92
"../../../Engine/Content/EditorResources/S_TriggerBox.uexp" 93
"../../../Engine/Content/EditorResources/S_Trigger.ubulk" 94
"../../../Engine/Content/EditorResources/S_Trigger.uasset" 95
"../../../Engine/Content/EditorResources/S_Trigger.uexp" 96
"../../../Engine/Content/EditorResources/S_Terrain.ubulk" 97
"../../../Engine/Content/EditorResources/S_Terrain.uasset" 98
"../../../Engine/Content/EditorResources/S_Terrain.uexp" 99
"../../../Engine/Content/EditorResources/S_Solver.ubulk" 100
"../../../Engine/Content/EditorResources/S_Solver.uasset" 101
"../../../Engine/Content/EditorResources/S_Solver.uexp" 102
"../../../Engine/Content/EditorResources/S_BoxReflectionCapture.uasset" 103
"../../../Engine/Content/EditorResources/S_BoxReflectionCapture.uexp" 104
"../../../Engine/Content/EditorResources/EmptyActor.uasset" 105
"../../../Engine/Content/EditorResources/EmptyActor.uexp" 106
"../../../Engine/Content/EditorResources/BSPVertex.uasset" 107
"../../../Engine/Content/EditorResources/BSPVertex.uexp" 108
"../../../Engine/Content/EditorLandscapeResources/DefaultAlphaTexture.uasset" 109
"../../../Engine/Content/EditorLandscapeResources/DefaultAlphaTexture.uexp" 110
"../../../Engine/Content/EngineResources/FilmGrains/Marcie_Grain_v3_128_M2_000.uasset" 111
"../../../Engine/Content/EngineResources/FilmGrains/Marcie_Grain_v3_128_M2_000.uexp" 112
"../../../Engine/Content/EngineMaterials/LTC/Sheen_LTC.uasset" 113
"../../../Engine/Content/EngineMaterials/LTC/Sheen_LTC.uexp" 114
"../../../Engine/Content/EngineMaterials/LTC/GGX_LTCMat.uasset" 115
"../../../Engine/Content/EngineMaterials/LTC/GGX_LTCMat.uexp" 116
"../../../Engine/Content/EngineMaterials/LTC/GGX_LTCAmp.uasset" 117
"../../../Engine/Content/EngineMaterials/LTC/GGX_LTCAmp.uexp" 118
"../../../Engine/Content/EngineMaterials/EnergyConservation/Sheen_Energy.uasset" 119
"../../../Engine/Content/EngineMaterials/EnergyConservation/Sheen_Energy.uexp" 120
"../../../Engine/Content/EngineMaterials/EnergyConservation/SheenLegacy_Energy.uasset" 121
"../../../Engine/Content/EngineMaterials/EnergyConservation/SheenLegacy_Energy.uexp" 122
"../../../Engine/Content/EngineMaterials/EnergyConservation/GGX_TransmissionEnergyArray.uasset" 123
"../../../Engine/Content/EngineMaterials/EnergyConservation/GGX_TransmissionEnergyArray.uexp" 124
"../../../Engine/Content/EngineMaterials/EnergyConservation/GGX_ReflectionEnergy.uasset" 125
"../../../Engine/Content/EngineMaterials/EnergyConservation/GGX_ReflectionEnergy.uexp" 126
"../../../Engine/Content/EngineMaterials/EnergyConservation/Diffuse_Energy.uasset" 127
"../../../Engine/Content/EngineMaterials/EnergyConservation/Diffuse_Energy.uexp" 128
"../../../Engine/Content/EditorResources/SequenceRecorder/RecordingIndicator.uasset" 129
"../../../Engine/Content/EditorResources/SequenceRecorder/RecordingIndicator.uexp" 130
"../../../Engine/Content/EditorResources/SequenceRecorder/Countdown.uasset" 131
"../../../Engine/Content/EditorResources/SequenceRecorder/Countdown.uexp" 132
"../../../Engine/Content/EditorMaterials/ParticleSystems/PSysThumbnail_OOD.ubulk" 133
"../../../Engine/Content/EditorMaterials/ParticleSystems/PSysThumbnail_OOD.uasset" 134
"../../../Engine/Content/EditorMaterials/ParticleSystems/PSysThumbnail_OOD.uexp" 135
"../../../Engine/Content/EditorMaterials/ParticleSystems/PSysThumbnail_NoImage.ubulk" 136
"../../../Engine/Content/EditorMaterials/ParticleSystems/PSysThumbnail_NoImage.uasset" 137
"../../../Engine/Content/EditorMaterials/ParticleSystems/PSysThumbnail_NoImage.uexp" 138
"../../../Engine/Content/EngineResources/DefaultTextureCube.uasset" 139
"../../../Engine/Content/EngineResources/DefaultTextureCube.uexp" 140
"../../../Engine/Content/EngineResources/DefaultVolumeTexture2D.uasset" 141
"../../../Engine/Content/EngineResources/DefaultVolumeTexture2D.uexp" 142
"../../../Engine/Content/EngineResources/DefaultVolumeTexture.uasset" 143
"../../../Engine/Content/EngineResources/DefaultVolumeTexture.uexp" 144
"../../../Engine/Content/Functions/Engine_MaterialFunctions02/WorldPositionOffset/CameraOffset.uasset" 145
"../../../Engine/Content/Functions/Engine_MaterialFunctions02/WorldPositionOffset/CameraOffset.uexp" 146
"../../../Engine/Plugins/Animation/ControlRig/Content/M_Manip.uasset" 147
"../../../Engine/Plugins/Animation/ControlRig/Content/M_Manip.uexp" 148
"../../../Engine/Plugins/Runtime/MeshModelingToolset/Content/Materials/M_DynamicMeshComponentVtxColor.uasset" 149
"../../../Engine/Plugins/Runtime/MeshModelingToolset/Content/Materials/M_DynamicMeshComponentVtxColor.uexp" 150
"../../../Engine/Plugins/Runtime/HairStrands/Content/Materials/HairMeshesDefaultMaterial.uasset" 151
"../../../Engine/Plugins/Runtime/HairStrands/Content/Materials/HairMeshesDefaultMaterial.uexp" 152
"../../../Engine/Plugins/Runtime/HairStrands/Content/Materials/HairDefaultMaterial.uasset" 153
"../../../Engine/Plugins/Runtime/HairStrands/Content/Materials/HairDefaultMaterial.uexp" 154
"../../../Engine/Plugins/Runtime/HairStrands/Content/Materials/HairGroupColors.uasset" 155
"../../../Engine/Plugins/Runtime/HairStrands/Content/Materials/HairGroupColors.uexp" 156
"../../../Engine/Content/Functions/Engine_MaterialFunctions02/Utility/MakeFloat2.uasset" 157
"../../../Engine/Content/Functions/Engine_MaterialFunctions02/Utility/MakeFloat2.uexp" 158
"../../../Engine/Content/Functions/Engine_MaterialFunctions02/Utility/MakeFloat3.uasset" 159
"../../../Engine/Content/Functions/Engine_MaterialFunctions02/Utility/MakeFloat3.uexp" 160
"../../../Engine/Content/EngineMaterials/HairColorMap.uasset" 161
"../../../Engine/Content/EngineMaterials/HairColorMap.uexp" 162
"../../../Engine/Content/EngineMaterials/HairDebugColor.uasset" 163
"../../../Engine/Content/EngineMaterials/HairDebugColor.uexp" 164
"../../../Engine/Plugins/Runtime/HairStrands/Content/Materials/HairDebugMaterial.uasset" 165
"../../../Engine/Plugins/Runtime/HairStrands/Content/Materials/HairDebugMaterial.uexp" 166
"../../../Engine/Plugins/Runtime/HairStrands/Content/Materials/HairCardsDefaultMaterial.uasset" 167
"../../../Engine/Plugins/Runtime/HairStrands/Content/Materials/HairCardsDefaultMaterial.uexp" 168
"../../../Engine/Plugins/Interchange/Assets/Content/Functions/MX_UsdPreviewSurface.uasset" 169
"../../../Engine/Plugins/Interchange/Assets/Content/Functions/MX_UsdPreviewSurface.uexp" 170
"../../../Engine/Plugins/Interchange/Assets/Content/Functions/MX_UniformEDF.uasset" 171
"../../../Engine/Plugins/Interchange/Assets/Content/Functions/MX_UniformEDF.uexp" 172
"../../../Engine/Plugins/Interchange/Assets/Content/Functions/MX_TranslucentBSDF.uasset" 173
"../../../Engine/Plugins/Interchange/Assets/Content/Functions/MX_TranslucentBSDF.uexp" 174
"../../../Engine/Plugins/Interchange/Assets/Content/Functions/MX_ThinFilmBSDF.uasset" 175
"../../../Engine/Plugins/Interchange/Assets/Content/Functions/MX_ThinFilmBSDF.uexp" 176
"../../../Engine/Plugins/Interchange/Assets/Content/Functions/MX_SurfaceUnlit.uasset" 177
"../../../Engine/Plugins/Interchange/Assets/Content/Functions/MX_SurfaceUnlit.uexp" 178
"../../../Engine/Plugins/Interchange/Assets/Content/Functions/MX_Surface.uasset" 179
"../../../Engine/Plugins/Interchange/Assets/Content/Functions/MX_Surface.uexp" 180
"../../../Engine/Plugins/Interchange/Assets/Content/Functions/MX_SubsurfaceBSDF.uasset" 181
"../../../Engine/Plugins/Interchange/Assets/Content/Functions/MX_SubsurfaceBSDF.uexp" 182
"../../../Engine/Plugins/Interchange/Assets/Content/Functions/MX_SheenBSDF.uasset" 183
"../../../Engine/Plugins/Interchange/Assets/Content/Functions/MX_SheenBSDF.uexp" 184
"../../../Engine/Plugins/Interchange/Assets/Content/Functions/MX_OrenNayarBSDF.uasset" 185
"../../../Engine/Plugins/Interchange/Assets/Content/Functions/MX_OrenNayarBSDF.uexp" 186
"../../../Engine/Plugins/Interchange/Assets/Content/Utilities/New_LUT.uasset" 187
"../../../Engine/Plugins/Interchange/Assets/Content/Utilities/New_LUT.uexp" 188
"../../../Engine/Content/Functions/Engine_MaterialFunctions03/Math/RemapValueRange.uasset" 189
"../../../Engine/Content/Functions/Engine_MaterialFunctions03/Math/RemapValueRange.uexp" 190
"../../../Engine/Plugins/Interchange/Assets/Content/Functions/MF_Iridescence.uasset" 191
"../../../Engine/Plugins/Interchange/Assets/Content/Functions/MF_Iridescence.uexp" 192
"../../../Engine/Plugins/Interchange/Assets/Content/Functions/MX_StandardSurface.uasset" 193
"../../../Engine/Plugins/Interchange/Assets/Content/Functions/MX_StandardSurface.uexp" 194
"../../../Engine/Plugins/Interchange/Assets/Content/Functions/MX_TransmissionSurface.uasset" 195
"../../../Engine/Plugins/Interchange/Assets/Content/Functions/MX_TransmissionSurface.uexp" 196
"../../../Engine/Plugins/Interchange/Assets/Content/Functions/MX_OpenPBR_Translucent.uasset" 197
"../../../Engine/Plugins/Interchange/Assets/Content/Functions/MX_OpenPBR_Translucent.uexp" 198
"../../../Engine/Plugins/Interchange/Assets/Content/Functions/MX_OpenPBR_Opaque.uasset" 199
"../../../Engine/Plugins/Interchange/Assets/Content/Functions/MX_OpenPBR_Opaque.uexp" 200
"../../../Engine/Plugins/Interchange/Assets/Content/Functions/MX_MeasuredEDF.uasset" 201
"../../../Engine/Plugins/Interchange/Assets/Content/Functions/MX_MeasuredEDF.uexp" 202
"../../../Engine/Plugins/Interchange/Assets/Content/Functions/MX_GeneralizedSchlickBSDF.uasset" 203
"../../../Engine/Plugins/Interchange/Assets/Content/Functions/MX_GeneralizedSchlickBSDF.uexp" 204
"../../../Engine/Plugins/Interchange/Assets/Content/Functions/MX_DielectricBSDF.uasset" 205
"../../../Engine/Plugins/Interchange/Assets/Content/Functions/MX_DielectricBSDF.uexp" 206
"../../../Engine/Plugins/Interchange/Assets/Content/Functions/MX_ConicalEDF.uasset" 207
"../../../Engine/Plugins/Interchange/Assets/Content/Functions/MX_ConicalEDF.uexp" 208
"../../../Engine/Plugins/Interchange/Assets/Content/Functions/MX_ConductorBSDF.uasset" 209
"../../../Engine/Plugins/Interchange/Assets/Content/Functions/MX_ConductorBSDF.uexp" 210
"../../../Engine/Plugins/Interchange/Assets/Content/Functions/MX_BurleyDiffuseBSDF.uasset" 211
"../../../Engine/Plugins/Interchange/Assets/Content/Functions/MX_BurleyDiffuseBSDF.uexp" 212
"../../../Engine/Plugins/Interchange/Assets/Content/Functions/MX_AnisotropicVDF.uasset" 213
"../../../Engine/Plugins/Interchange/Assets/Content/Functions/MX_AnisotropicVDF.uexp" 214
"../../../Engine/Plugins/Interchange/Assets/Content/Functions/MX_AbsorptionVDF.uasset" 215
"../../../Engine/Plugins/Interchange/Assets/Content/Functions/MX_AbsorptionVDF.uexp" 216
"../../../Engine/Plugins/Editor/SpeedTreeImporter/Content/SpeedTree9/game_wind_noise.ubulk" 217
"../../../Engine/Plugins/Editor/SpeedTreeImporter/Content/SpeedTree9/game_wind_noise.uasset" 218
"../../../Engine/Plugins/Editor/SpeedTreeImporter/Content/SpeedTree9/game_wind_noise.uexp" 219
"../../../Engine/Plugins/Editor/SpeedTreeImporter/Content/SpeedTree9/UnpackDirection.uasset" 220
"../../../Engine/Plugins/Editor/SpeedTreeImporter/Content/SpeedTree9/UnpackDirection.uexp" 221
"../../../Engine/Content/Functions/Engine_MaterialFunctions02/ObjectLocalBounds.uasset" 222
"../../../Engine/Content/Functions/Engine_MaterialFunctions02/ObjectLocalBounds.uexp" 223
"../../../Engine/Content/Functions/Engine_MaterialFunctions02/Utility/BreakOutFloat3Components.uasset" 224
"../../../Engine/Content/Functions/Engine_MaterialFunctions02/Utility/BreakOutFloat3Components.uexp" 225
"../../../Engine/Content/Functions/Engine_MaterialFunctions02/UVs/BoundingBoxBased_0-1_UVW.uasset" 226
"../../../Engine/Content/Functions/Engine_MaterialFunctions02/UVs/BoundingBoxBased_0-1_UVW.uexp" 227
"../../../Engine/Content/Functions/Engine_MaterialFunctions02/Utility/VectorLength.uasset" 228
"../../../Engine/Content/Functions/Engine_MaterialFunctions02/Utility/VectorLength.uexp" 229
"../../../Engine/Plugins/Editor/SpeedTreeImporter/Content/SpeedTree9/UnpackInteger3.uasset" 230
"../../../Engine/Plugins/Editor/SpeedTreeImporter/Content/SpeedTree9/UnpackInteger3.uexp" 231
"../../../Engine/Plugins/Editor/SpeedTreeImporter/Content/SpeedTree9/SpeedTreeCameraFacing.uasset" 232
"../../../Engine/Plugins/Editor/SpeedTreeImporter/Content/SpeedTree9/SpeedTreeCameraFacing.uexp" 233
"../../../Engine/Content/Functions/Engine_MaterialFunctions02/WorldPositionOffset/ObjectScale.uasset" 234
"../../../Engine/Content/Functions/Engine_MaterialFunctions02/WorldPositionOffset/ObjectScale.uexp" 235
"../../../Engine/Content/Functions/Engine_MaterialFunctions02/SafeNormalize.uasset" 236
"../../../Engine/Content/Functions/Engine_MaterialFunctions02/SafeNormalize.uexp" 237
"../../../Engine/Plugins/Editor/SpeedTreeImporter/Content/SpeedTree9/SpeedTreeWindMotion.uasset" 238
"../../../Engine/Plugins/Editor/SpeedTreeImporter/Content/SpeedTree9/SpeedTreeWindMotion.uexp" 239
"../../../Engine/Plugins/Editor/SpeedTreeImporter/Content/SpeedTree9/SpeedTreeBranchMotion.uasset" 240
"../../../Engine/Plugins/Editor/SpeedTreeImporter/Content/SpeedTree9/SpeedTreeBranchMotion.uexp" 241
"../../../Engine/Plugins/Editor/SpeedTreeImporter/Content/SpeedTree9/SpeedTreeWind.uasset" 242
"../../../Engine/Plugins/Editor/SpeedTreeImporter/Content/SpeedTree9/SpeedTreeWind.uexp" 243
"../../../Engine/Plugins/Editor/SpeedTreeImporter/Content/SpeedTree9/EmptyNormal.uasset" 244
"../../../Engine/Plugins/Editor/SpeedTreeImporter/Content/SpeedTree9/EmptyNormal.uexp" 245
"../../../Engine/Plugins/Editor/SpeedTreeImporter/Content/SpeedTree9/Empty.uasset" 246
"../../../Engine/Plugins/Editor/SpeedTreeImporter/Content/SpeedTree9/Empty.uexp" 247
"../../../Engine/Plugins/Editor/SpeedTreeImporter/Content/SpeedTree9/SpeedTreeMaster.uasset" 248
"../../../Engine/Plugins/Editor/SpeedTreeImporter/Content/SpeedTree9/SpeedTreeMaster.uexp" 249
"../../../Engine/Plugins/Editor/SpeedTreeImporter/Content/SpeedTree9/SpeedTreeBillboard.uasset" 250
"../../../Engine/Plugins/Editor/SpeedTreeImporter/Content/SpeedTree9/SpeedTreeBillboard.uexp" 251
"../../../Engine/Plugins/Editor/SpeedTreeImporter/Content/SpeedTree9/SpeedTreeBillboardMaster.uasset" 252
"../../../Engine/Plugins/Editor/SpeedTreeImporter/Content/SpeedTree9/SpeedTreeBillboardMaster.uexp" 253
"../../../Engine/Plugins/Animation/ControlRig/Content/Controls/ControlRigXRayMaterial.uasset" 254
"../../../Engine/Plugins/Animation/ControlRig/Content/Controls/ControlRigXRayMaterial.uexp" 255
"../../../Engine/Plugins/Animation/ControlRig/Content/Controls/ControlRigGizmoMaterial.uasset" 256
"../../../Engine/Plugins/Animation/ControlRig/Content/Controls/ControlRigGizmoMaterial.uexp" 257
"../../../Engine/Content/EngineMaterials/RemoveSurfaceMaterial.uasset" 258
"../../../Engine/Content/EngineMaterials/RemoveSurfaceMaterial.uexp" 259
"../../../Engine/Content/EngineMaterials/DefaultCalibrationGrayscale.uasset" 260
"../../../Engine/Content/EngineMaterials/DefaultCalibrationGrayscale.uexp" 261
"../../../Engine/Content/EngineMaterials/PPM_DefaultCalibrationGrayscale.uasset" 262
"../../../Engine/Content/EngineMaterials/PPM_DefaultCalibrationGrayscale.uexp" 263
"../../../Engine/Content/EngineMaterials/DefaultCalibrationColor.uasset" 264
"../../../Engine/Content/EngineMaterials/DefaultCalibrationColor.uexp" 265
"../../../Engine/Content/EngineMaterials/PPM_DefaultCalibrationColor.uasset" 266
"../../../Engine/Content/EngineMaterials/PPM_DefaultCalibrationColor.uexp" 267
"../../../Engine/Content/EngineMaterials/PhAT_JointLimitMaterial.uasset" 268
"../../../Engine/Content/EngineMaterials/PhAT_JointLimitMaterial.uexp" 269
"../../../Engine/Content/EngineMaterials/NaniteHiddenSectionMaterial.uasset" 270
"../../../Engine/Content/EngineMaterials/NaniteHiddenSectionMaterial.uexp" 271
"../../../Engine/Content/EngineMaterials/InvalidLightmapSettings.ubulk" 272
"../../../Engine/Content/EngineMaterials/InvalidLightmapSettings.uasset" 273
"../../../Engine/Content/EngineMaterials/InvalidLightmapSettings.uexp" 274
"../../../Engine/Content/EngineMaterials/M_InvalidLightmapSettings.uasset" 275
"../../../Engine/Content/EngineMaterials/M_InvalidLightmapSettings.uexp" 276
"../../../Engine/Content/EngineMaterials/GizmoMaterial.uasset" 277
"../../../Engine/Content/EngineMaterials/GizmoMaterial.uexp" 278
"../../../Engine/Content/EngineMaterials/BaseFlattenEmissiveMap_VT.uasset" 279
"../../../Engine/Content/EngineMaterials/BaseFlattenEmissiveMap_VT.uexp" 280
"../../../Engine/Content/EngineMaterials/BaseFlattenGrayscaleMap_VT.uasset" 281
"../../../Engine/Content/EngineMaterials/BaseFlattenGrayscaleMap_VT.uexp" 282
"../../../Engine/Content/EngineMaterials/BaseFlattenLinearColor_VT.uasset" 283
"../../../Engine/Content/EngineMaterials/BaseFlattenLinearColor_VT.uexp" 284
"../../../Engine/Content/EngineMaterials/Black_1x1_EXR_Texture_VT.uasset" 285
"../../../Engine/Content/EngineMaterials/Black_1x1_EXR_Texture_VT.uexp" 286
"../../../Engine/Content/EngineMaterials/BaseFlattenDiffuseMap_VT.uasset" 287
"../../../Engine/Content/EngineMaterials/BaseFlattenDiffuseMap_VT.uexp" 288
"../../../Engine/Content/EngineMaterials/BaseFlattenNormalMap_VT.uasset" 289
"../../../Engine/Content/EngineMaterials/BaseFlattenNormalMap_VT.uexp" 290
"../../../Engine/Content/EngineMaterials/FlattenMaterial_WS_Normal_VT.uasset" 291
"../../../Engine/Content/EngineMaterials/FlattenMaterial_WS_Normal_VT.uexp" 292
"../../../Engine/Content/EngineMaterials/FlattenMaterial_VT.uasset" 293
"../../../Engine/Content/EngineMaterials/FlattenMaterial_VT.uexp" 294
"../../../Engine/Content/EngineMaterials/BaseFlattenNormalMap.uasset" 295
"../../../Engine/Content/EngineMaterials/BaseFlattenNormalMap.uexp" 296
"../../../Engine/Content/EngineMaterials/BaseFlattenGrayscaleMap.uasset" 297
"../../../Engine/Content/EngineMaterials/BaseFlattenGrayscaleMap.uexp" 298
"../../../Engine/Content/EngineMaterials/BaseFlattenDiffuseMap.uasset" 299
"../../../Engine/Content/EngineMaterials/BaseFlattenDiffuseMap.uexp" 300
"../../../Engine/Content/Functions/Engine_MaterialFunctions02/PivotPainter2/Black_1x1_EXR_Texture.uasset" 301
"../../../Engine/Content/Functions/Engine_MaterialFunctions02/PivotPainter2/Black_1x1_EXR_Texture.uexp" 302
"../../../Engine/Content/EngineMaterials/BaseFlattenEmissiveMap.uasset" 303
"../../../Engine/Content/EngineMaterials/BaseFlattenEmissiveMap.uexp" 304
"../../../Engine/Content/EngineMaterials/BaseFlattenLinearColor.uasset" 305
"../../../Engine/Content/EngineMaterials/BaseFlattenLinearColor.uexp" 306
"../../../Engine/Content/EngineMaterials/FlattenMaterial.uasset" 307
"../../../Engine/Content/EngineMaterials/FlattenMaterial.uexp" 308
"../../../Engine/Content/EngineMaterials/DefaultWhiteGrid_Low.uasset" 309
"../../../Engine/Content/EngineMaterials/DefaultWhiteGrid_Low.uexp" 310
"../../../Engine/Content/EngineMaterials/EmissiveMeshMaterial.uasset" 311
"../../../Engine/Content/EngineMaterials/EmissiveMeshMaterial.uexp" 312
"../../../Engine/Content/EngineFonts/RobotoDistanceField.uasset" 313
"../../../Engine/Content/EngineFonts/RobotoDistanceField.uexp" 314
"../../../Engine/Content/EngineMaterials/DefaultTextMaterialOpaque.uasset" 315
"../../../Engine/Content/EngineMaterials/DefaultTextMaterialOpaque.uexp" 316
"../../../Engine/Content/EngineMaterials/DefaultDiffuse.ubulk" 317
"../../../Engine/Content/EngineMaterials/DefaultDiffuse.uasset" 318
"../../../Engine/Content/EngineMaterials/DefaultDiffuse.uexp" 319
"../../../Engine/Content/Functions/Engine_MaterialFunctions02/Utility/BreakOutFloat2Components.uasset" 320
"../../../Engine/Content/Functions/Engine_MaterialFunctions02/Utility/BreakOutFloat2Components.uexp" 321
"../../../Engine/Content/EngineMaterials/DefaultPostProcessMaterial.uasset" 322
"../../../Engine/Content/EngineMaterials/DefaultPostProcessMaterial.uexp" 323
"../../../Engine/Content/EngineMaterials/DefaultLightFunctionMaterial.uasset" 324
"../../../Engine/Content/EngineMaterials/DefaultLightFunctionMaterial.uexp" 325
"../../../Engine/Content/EngineMaterials/DefaultDeferredDecalMaterial.uasset" 326
"../../../Engine/Content/EngineMaterials/DefaultDeferredDecalMaterial.uexp" 327
"../../../Engine/Content/Functions/Engine_MaterialFunctions02/Utility/CameraDirectionVector.uasset" 328
"../../../Engine/Content/Functions/Engine_MaterialFunctions02/Utility/CameraDirectionVector.uexp" 329
"../../../Engine/Content/EngineDebugMaterials/VolumeToRender.uasset" 330
"../../../Engine/Content/EngineDebugMaterials/VolumeToRender.uexp" 331
"../../../Engine/Content/EngineDebugMaterials/M_VolumeRenderSphereTracePP.uasset" 332
"../../../Engine/Content/EngineDebugMaterials/M_VolumeRenderSphereTracePP.uexp" 333
"../../../Engine/Content/EngineDebugMaterials/M_SimpleUnlitTranslucent.uasset" 334
"../../../Engine/Content/EngineDebugMaterials/M_SimpleUnlitTranslucent.uexp" 335
"../../../Engine/Content/EngineDebugMaterials/DebugMeshMaterial.uasset" 336
"../../../Engine/Content/EngineDebugMaterials/DebugMeshMaterial.uexp" 337
"../../../Engine/Content/EngineDebugMaterials/DebugEditorMaterial.uasset" 338
"../../../Engine/Content/EngineDebugMaterials/DebugEditorMaterial.uexp" 339
"../../../Engine/Content/EditorMaterials/PreviewShadowIndicator.ubulk" 340
"../../../Engine/Content/EditorMaterials/PreviewShadowIndicator.uasset" 341
"../../../Engine/Content/EditorMaterials/PreviewShadowIndicator.uexp" 342
"../../../Engine/Content/EditorMaterials/PreviewShadowIndicatorMaterial.uasset" 343
"../../../Engine/Content/EditorMaterials/PreviewShadowIndicatorMaterial.uexp" 344
"../../../Engine/Content/EditorMaterials/PhAT_UnselectedMaterial.uasset" 345
"../../../Engine/Content/EditorMaterials/PhAT_UnselectedMaterial.uexp" 346
"../../../Engine/Content/EditorMaterials/PhAT_NoCollisionMaterial.uasset" 347
"../../../Engine/Content/EditorMaterials/PhAT_NoCollisionMaterial.uexp" 348
"../../../Engine/Content/BasicShapes/BasicShapeMaterial.uasset" 349
"../../../Engine/Content/BasicShapes/BasicShapeMaterial.uexp" 350
"../../../Engine/Content/EditorMaterials/Dataflow/DataflowVertexMaterial.uasset" 351
"../../../Engine/Content/EditorMaterials/Dataflow/DataflowVertexMaterial.uexp" 352
"../../../Engine/Content/EditorMaterials/Dataflow/DataflowTwoSidedVertexMaterial.uasset" 353
"../../../Engine/Content/EditorMaterials/Dataflow/DataflowTwoSidedVertexMaterial.uexp" 354
"../../../Engine/Content/EngineMaterials/Substrate/Volume/SubstrateSimpleVolumeLUT3D.uasset" 355
"../../../Engine/Content/EngineMaterials/Substrate/Volume/SubstrateSimpleVolumeLUT3D.uexp" 356
"../../../Engine/Content/EngineMaterials/Substrate/Volume/SubstrateSimpleVolumeEnvLUT3D.uasset" 357
"../../../Engine/Content/EngineMaterials/Substrate/Volume/SubstrateSimpleVolumeEnvLUT3D.uexp" 358
"../../../Engine/Content/Functions/Engine_MaterialFunctions01/Shading/PowerToRoughness.uasset" 359
"../../../Engine/Content/Functions/Engine_MaterialFunctions01/Shading/PowerToRoughness.uexp" 360
"../../../Engine/Content/Functions/Engine_MaterialFunctions01/Shading/ConvertFromDiffSpec.uasset" 361
"../../../Engine/Content/Functions/Engine_MaterialFunctions01/Shading/ConvertFromDiffSpec.uexp" 362
"../../../Engine/Content/EngineMeshes/Sphere.ubulk" 363
"../../../Engine/Content/EngineMeshes/Sphere.uasset" 364
"../../../Engine/Content/EngineMeshes/Sphere.uexp" 365
"../../../Engine/Plugins/NNE/NNEDenoiser/Content/NNEDTOM_Output_Default.uasset" 366
"../../../Engine/Plugins/NNE/NNEDenoiser/Content/NNEDTOM_Output_Default.uexp" 367
"../../../Engine/Plugins/NNE/NNEDenoiser/Content/NNEDTOM_Output_Alpha.uasset" 368
"../../../Engine/Plugins/NNE/NNEDenoiser/Content/NNEDTOM_Output_Alpha.uexp" 369
"../../../Engine/Plugins/NNE/NNEDenoiser/Content/NNEDTIM_ColorAlbedoNormal_Default.uasset" 370
"../../../Engine/Plugins/NNE/NNEDenoiser/Content/NNEDTIM_ColorAlbedoNormal_Default.uexp" 371
"../../../Engine/Plugins/NNE/NNEDenoiser/Content/NNEDTIM_ColorAlbedoNormal_Alpha.uasset" 372
"../../../Engine/Plugins/NNE/NNEDenoiser/Content/NNEDTIM_ColorAlbedoNormal_Alpha.uexp" 373
"../../../Engine/Plugins/NNE/NNEDenoiser/Content/NNEDOM_Output_Default.uasset" 374
"../../../Engine/Plugins/NNE/NNEDenoiser/Content/NNEDOM_Output_Default.uexp" 375
"../../../Engine/Plugins/NNE/NNEDenoiser/Content/NNEDOM_Output_Alpha.uasset" 376
"../../../Engine/Plugins/NNE/NNEDenoiser/Content/NNEDOM_Output_Alpha.uexp" 377
"../../../Engine/Plugins/NNE/NNEDenoiser/Content/NNEDIM_HighQuality_Default.uasset" 378
"../../../Engine/Plugins/NNE/NNEDenoiser/Content/NNEDIM_HighQuality_Default.uexp" 379
"../../../Engine/Plugins/NNE/NNEDenoiser/Content/NNEDIM_HighQuality_Alpha.uasset" 380
"../../../Engine/Plugins/NNE/NNEDenoiser/Content/NNEDIM_HighQuality_Alpha.uexp" 381
"../../../Engine/Plugins/NNE/NNEDenoiser/Content/NNEDIM_ColorAlbedoNormal_Default.uasset" 382
"../../../Engine/Plugins/NNE/NNEDenoiser/Content/NNEDIM_ColorAlbedoNormal_Default.uexp" 383
"../../../Engine/Plugins/NNE/NNEDenoiser/Content/NNEDIM_ColorAlbedoNormal_Alpha.uasset" 384
"../../../Engine/Plugins/NNE/NNEDenoiser/Content/NNEDIM_ColorAlbedoNormal_Alpha.uexp" 385
"../../../Engine/Content/EngineMaterials/T_Default_Material_Grid_M.ubulk" 386
"../../../Engine/Content/EngineMaterials/T_Default_Material_Grid_M.uasset" 387
"../../../Engine/Content/EngineMaterials/T_Default_Material_Grid_M.uexp" 388
"../../../Engine/Content/EngineMaterials/T_Default_Material_Grid_N.ubulk" 389
"../../../Engine/Content/EngineMaterials/T_Default_Material_Grid_N.uasset" 390
"../../../Engine/Content/EngineMaterials/T_Default_Material_Grid_N.uexp" 391
"../../../Engine/Content/Functions/Engine_MaterialFunctions01/Opacity/CameraDepthFade.uasset" 392
"../../../Engine/Content/Functions/Engine_MaterialFunctions01/Opacity/CameraDepthFade.uexp" 393
"../../../Engine/Content/EngineMaterials/WorldGridMaterial.uasset" 394
"../../../Engine/Content/EngineMaterials/WorldGridMaterial.uexp" 395
"../../../Engine/Plugins/Media/MediaPlate/Content/SM_MediaPlateScreen.ubulk" 396
"../../../Engine/Plugins/Media/MediaPlate/Content/SM_MediaPlateScreen.uasset" 397
"../../../Engine/Plugins/Media/MediaPlate/Content/SM_MediaPlateScreen.uexp" 398
"../../../Engine/Plugins/2D/Paper2D/Content/DefaultSpriteMaterial.uasset" 399
"../../../Engine/Plugins/2D/Paper2D/Content/DefaultSpriteMaterial.uexp" 400
"../../../Engine/Plugins/2D/Paper2D/Content/OpaqueUnlitSpriteMaterial.uasset" 401
"../../../Engine/Plugins/2D/Paper2D/Content/OpaqueUnlitSpriteMaterial.uexp" 402
"../../../Engine/Plugins/2D/Paper2D/Content/MaskedUnlitSpriteMaterial.uasset" 403
"../../../Engine/Plugins/2D/Paper2D/Content/MaskedUnlitSpriteMaterial.uexp" 404
"../../../Engine/Content/Functions/Engine_MaterialFunctions02/Texturing/CustomRotator.uasset" 405
"../../../Engine/Content/Functions/Engine_MaterialFunctions02/Texturing/CustomRotator.uexp" 406
"../../../Engine/Content/Functions/Engine_MaterialFunctions01/Texturing/ScaleUVsByCenter.uasset" 407
"../../../Engine/Content/Functions/Engine_MaterialFunctions01/Texturing/ScaleUVsByCenter.uexp" 408
"../../../Engine/Plugins/Runtime/AudioWidgets/Content/AudioMaterialSlate/Functions/MF_SingleLine_Smooth.uasset" 409
"../../../Engine/Plugins/Runtime/AudioWidgets/Content/AudioMaterialSlate/Functions/MF_SingleLine_Smooth.uexp" 410
"../../../Engine/Plugins/Runtime/AudioWidgets/Content/AudioMaterialSlate/Functions/MF_AngleGradient.uasset" 411
"../../../Engine/Plugins/Runtime/AudioWidgets/Content/AudioMaterialSlate/Functions/MF_AngleGradient.uexp" 412
"../../../Engine/Plugins/Runtime/AudioWidgets/Content/AudioMaterialSlate/Functions/MF_SingleLine.uasset" 413
"../../../Engine/Plugins/Runtime/AudioWidgets/Content/AudioMaterialSlate/Functions/MF_SingleLine.uexp" 414
"../../../Engine/Content/Functions/Engine_MaterialFunctions01/Gradient/SphereGradient-2D.uasset" 415
"../../../Engine/Content/Functions/Engine_MaterialFunctions01/Gradient/SphereGradient-2D.uexp" 416
"../../../Engine/Plugins/Runtime/AudioWidgets/Content/AudioMaterialSlate/M_AudioMaterialToggleButton.uasset" 417
"../../../Engine/Plugins/Runtime/AudioWidgets/Content/AudioMaterialSlate/M_AudioMaterialToggleButton.uexp" 418
"../../../Engine/Plugins/Runtime/AudioWidgets/Content/AudioMaterialSlate/MI_AudioMaterialToggleButton.uasset" 419
"../../../Engine/Plugins/Runtime/AudioWidgets/Content/AudioMaterialSlate/MI_AudioMaterialToggleButton.uexp" 420
"../../../Engine/Content/Functions/Engine_MaterialFunctions01/Gradient/GeneratedRoundRect.uasset" 421
"../../../Engine/Content/Functions/Engine_MaterialFunctions01/Gradient/GeneratedRoundRect.uexp" 422
"../../../Engine/Plugins/Runtime/AudioWidgets/Content/AudioMaterialSlate/M_AudioMaterialRoundedSlider.uasset" 423
"../../../Engine/Plugins/Runtime/AudioWidgets/Content/AudioMaterialSlate/M_AudioMaterialRoundedSlider.uexp" 424
"../../../Engine/Plugins/Runtime/AudioWidgets/Content/AudioMaterialSlate/MI_AudioMaterialRoundedSlider.uasset" 425
"../../../Engine/Plugins/Runtime/AudioWidgets/Content/AudioMaterialSlate/MI_AudioMaterialRoundedSlider.uexp" 426
"../../../Engine/Plugins/Runtime/AudioWidgets/Content/AudioMaterialSlate/Functions/MF_Lines.uasset" 427
"../../../Engine/Plugins/Runtime/AudioWidgets/Content/AudioMaterialSlate/Functions/MF_Lines.uexp" 428
"../../../Engine/Content/Functions/Engine_MaterialFunctions02/Lerp_3Color.uasset" 429
"../../../Engine/Content/Functions/Engine_MaterialFunctions02/Lerp_3Color.uexp" 430
"../../../Engine/Plugins/Runtime/AudioWidgets/Content/AudioMaterialSlate/M_AudioMaterialMeter.uasset" 431
"../../../Engine/Plugins/Runtime/AudioWidgets/Content/AudioMaterialSlate/M_AudioMaterialMeter.uexp" 432
"../../../Engine/Plugins/Runtime/AudioWidgets/Content/AudioMaterialSlate/MI_AudioMaterialMeter.uasset" 433
"../../../Engine/Plugins/Runtime/AudioWidgets/Content/AudioMaterialSlate/MI_AudioMaterialMeter.uexp" 434
"../../../Engine/Plugins/Runtime/AudioWidgets/Content/AudioMaterialSlate/M_AudioMaterialKnob.uasset" 435
"../../../Engine/Plugins/Runtime/AudioWidgets/Content/AudioMaterialSlate/M_AudioMaterialKnob.uexp" 436
"../../../Engine/Plugins/Runtime/AudioWidgets/Content/AudioMaterialSlate/MI_AudioMaterialKnob.uasset" 437
"../../../Engine/Plugins/Runtime/AudioWidgets/Content/AudioMaterialSlate/MI_AudioMaterialKnob.uexp" 438
"../../../Engine/Plugins/Runtime/AudioWidgets/Content/AudioMaterialSlate/Functions/MF_DotOutlined.uasset" 439
"../../../Engine/Plugins/Runtime/AudioWidgets/Content/AudioMaterialSlate/Functions/MF_DotOutlined.uexp" 440
"../../../Engine/Plugins/Runtime/AudioWidgets/Content/AudioMaterialSlate/M_AudioMaterialEnvelope_ADSR.uasset" 441
"../../../Engine/Plugins/Runtime/AudioWidgets/Content/AudioMaterialSlate/M_AudioMaterialEnvelope_ADSR.uexp" 442
"../../../Engine/Plugins/Runtime/AudioWidgets/Content/AudioMaterialSlate/MI_AudioMaterialEnvelope_ADSR.uasset" 443
"../../../Engine/Plugins/Runtime/AudioWidgets/Content/AudioMaterialSlate/MI_AudioMaterialEnvelope_ADSR.uexp" 444
"../../../Engine/Plugins/Animation/ControlRig/Content/Controls/ControlRig_Wedge_solid.ubulk" 445
"../../../Engine/Plugins/Animation/ControlRig/Content/Controls/ControlRig_Wedge_solid.uasset" 446
"../../../Engine/Plugins/Animation/ControlRig/Content/Controls/ControlRig_Wedge_solid.uexp" 447
"../../../Engine/Plugins/Animation/ControlRig/Content/Controls/ControlRig_Wedge_3mm.ubulk" 448
"../../../Engine/Plugins/Animation/ControlRig/Content/Controls/ControlRig_Wedge_3mm.uasset" 449
"../../../Engine/Plugins/Animation/ControlRig/Content/Controls/ControlRig_Wedge_3mm.uexp" 450
"../../../Engine/Plugins/Animation/ControlRig/Content/Controls/ControlRig_Wedge_1mm.ubulk" 451
"../../../Engine/Plugins/Animation/ControlRig/Content/Controls/ControlRig_Wedge_1mm.uasset" 452
"../../../Engine/Plugins/Animation/ControlRig/Content/Controls/ControlRig_Wedge_1mm.uexp" 453
"../../../Engine/Plugins/Animation/ControlRig/Content/Controls/ControlRig_Triangle_solid.ubulk" 454
"../../../Engine/Plugins/Animation/ControlRig/Content/Controls/ControlRig_Triangle_solid.uasset" 455
"../../../Engine/Plugins/Animation/ControlRig/Content/Controls/ControlRig_Triangle_solid.uexp" 456
"../../../Engine/Plugins/Animation/ControlRig/Content/Controls/ControlRig_Triangle_3mm.ubulk" 457
"../../../Engine/Plugins/Animation/ControlRig/Content/Controls/ControlRig_Triangle_3mm.uasset" 458
"../../../Engine/Plugins/Animation/ControlRig/Content/Controls/ControlRig_Triangle_3mm.uexp" 459
"../../../Engine/Plugins/Animation/ControlRig/Content/Controls/ControlRig_Triangle_1mm.ubulk" 460
"../../../Engine/Plugins/Animation/ControlRig/Content/Controls/ControlRig_Triangle_1mm.uasset" 461
"../../../Engine/Plugins/Animation/ControlRig/Content/Controls/ControlRig_Triangle_1mm.uexp" 462
"../../../Engine/Plugins/Animation/ControlRig/Content/Controls/ControlRig_Star4_solid.ubulk" 463
"../../../Engine/Plugins/Animation/ControlRig/Content/Controls/ControlRig_Star4_solid.uasset" 464
"../../../Engine/Plugins/Animation/ControlRig/Content/Controls/ControlRig_Star4_solid.uexp" 465
"../../../Engine/Plugins/Animation/ControlRig/Content/Controls/ControlRig_Star4_3mm.ubulk" 466
"../../../Engine/Plugins/Animation/ControlRig/Content/Controls/ControlRig_Star4_3mm.uasset" 467
"../../../Engine/Plugins/Animation/ControlRig/Content/Controls/ControlRig_Star4_3mm.uexp" 468
"../../../Engine/Plugins/Animation/ControlRig/Content/Controls/ControlRig_Star4_1mm.ubulk" 469
"../../../Engine/Plugins/Animation/ControlRig/Content/Controls/ControlRig_Star4_1mm.uasset" 470
"../../../Engine/Plugins/Animation/ControlRig/Content/Controls/ControlRig_Star4_1mm.uexp" 471
"../../../Engine/Plugins/Animation/ControlRig/Content/Controls/ControlRig_Square_solid.ubulk" 472
"../../../Engine/Plugins/Animation/ControlRig/Content/Controls/ControlRig_Square_solid.uasset" 473
"../../../Engine/Plugins/Animation/ControlRig/Content/Controls/ControlRig_Square_solid.uexp" 474
"../../../Engine/Plugins/Animation/ControlRig/Content/Controls/ControlRig_Square_3mm.ubulk" 475
"../../../Engine/Plugins/Animation/ControlRig/Content/Controls/ControlRig_Square_3mm.uasset" 476
"../../../Engine/Plugins/Animation/ControlRig/Content/Controls/ControlRig_Square_3mm.uexp" 477
"../../../Engine/Plugins/Animation/ControlRig/Content/Controls/ControlRig_Square_1mm.ubulk" 478
"../../../Engine/Plugins/Animation/ControlRig/Content/Controls/ControlRig_Square_1mm.uasset" 479
"../../../Engine/Plugins/Animation/ControlRig/Content/Controls/ControlRig_Square_1mm.uexp" 480
"../../../Engine/Plugins/Animation/ControlRig/Content/Controls/ControlRig_Sphere_solid.ubulk" 481
"../../../Engine/Plugins/Animation/ControlRig/Content/Controls/ControlRig_Sphere_solid.uasset" 482
"../../../Engine/Plugins/Animation/ControlRig/Content/Controls/ControlRig_Sphere_solid.uexp" 483
"../../../Engine/Plugins/Animation/ControlRig/Content/Controls/ControlRig_Sphere_3mm.ubulk" 484
"../../../Engine/Plugins/Animation/ControlRig/Content/Controls/ControlRig_Sphere_3mm.uasset" 485
"../../../Engine/Plugins/Animation/ControlRig/Content/Controls/ControlRig_Sphere_3mm.uexp" 486
"../../../Engine/Plugins/Animation/ControlRig/Content/Controls/ControlRig_Sphere_1mm.ubulk" 487
"../../../Engine/Plugins/Animation/ControlRig/Content/Controls/ControlRig_Sphere_1mm.uasset" 488
"../../../Engine/Plugins/Animation/ControlRig/Content/Controls/ControlRig_Sphere_1mm.uexp" 489
"../../../Engine/Plugins/Animation/ControlRig/Content/Controls/ControlRig_RoundedTriangle_solid.ubulk" 490
"../../../Engine/Plugins/Animation/ControlRig/Content/Controls/ControlRig_RoundedTriangle_solid.uasset" 491
"../../../Engine/Plugins/Animation/ControlRig/Content/Controls/ControlRig_RoundedTriangle_solid.uexp" 492
"../../../Engine/Plugins/Animation/ControlRig/Content/Controls/ControlRig_RoundedTriangle_3mm.ubulk" 493
"../../../Engine/Plugins/Animation/ControlRig/Content/Controls/ControlRig_RoundedTriangle_3mm.uasset" 494
"../../../Engine/Plugins/Animation/ControlRig/Content/Controls/ControlRig_RoundedTriangle_3mm.uexp" 495
"../../../Engine/Plugins/Animation/ControlRig/Content/Controls/ControlRig_RoundedTriangle_1mm.ubulk" 496
"../../../Engine/Plugins/Animation/ControlRig/Content/Controls/ControlRig_RoundedTriangle_1mm.uasset" 497
"../../../Engine/Plugins/Animation/ControlRig/Content/Controls/ControlRig_RoundedTriangle_1mm.uexp" 498
"../../../Engine/Plugins/Animation/ControlRig/Content/Controls/ControlRig_RoundedSquare_solid.ubulk" 499
"../../../Engine/Plugins/Animation/ControlRig/Content/Controls/ControlRig_RoundedSquare_solid.uasset" 500
"../../../Engine/Plugins/Animation/ControlRig/Content/Controls/ControlRig_RoundedSquare_solid.uexp" 501
"../../../Engine/Plugins/Animation/ControlRig/Content/Controls/ControlRig_RoundedSquare_3mm.ubulk" 502
"../../../Engine/Plugins/Animation/ControlRig/Content/Controls/ControlRig_RoundedSquare_3mm.uasset" 503
"../../../Engine/Plugins/Animation/ControlRig/Content/Controls/ControlRig_RoundedSquare_3mm.uexp" 504
"../../../Engine/Plugins/Animation/ControlRig/Content/Controls/ControlRig_RoundedSquare_1mm.ubulk" 505
"../../../Engine/Plugins/Animation/ControlRig/Content/Controls/ControlRig_RoundedSquare_1mm.uasset" 506
"../../../Engine/Plugins/Animation/ControlRig/Content/Controls/ControlRig_RoundedSquare_1mm.uexp" 507
"../../../Engine/Plugins/Animation/ControlRig/Content/Controls/ControlRig_QuarterCircle_solid.ubulk" 508
"../../../Engine/Plugins/Animation/ControlRig/Content/Controls/ControlRig_QuarterCircle_solid.uasset" 509
"../../../Engine/Plugins/Animation/ControlRig/Content/Controls/ControlRig_QuarterCircle_solid.uexp" 510
"../../../Engine/Plugins/Animation/ControlRig/Content/Controls/ControlRig_QuarterCircle_3mm.ubulk" 511
"../../../Engine/Plugins/Animation/ControlRig/Content/Controls/ControlRig_QuarterCircle_3mm.uasset" 512
"../../../Engine/Plugins/Animation/ControlRig/Content/Controls/ControlRig_QuarterCircle_3mm.uexp" 513
"../../../Engine/Plugins/Animation/ControlRig/Content/Controls/ControlRig_QuarterCircle_1mm.ubulk" 514
"../../../Engine/Plugins/Animation/ControlRig/Content/Controls/ControlRig_QuarterCircle_1mm.uasset" 515
"../../../Engine/Plugins/Animation/ControlRig/Content/Controls/ControlRig_QuarterCircle_1mm.uexp" 516
"../../../Engine/Plugins/Animation/ControlRig/Content/Controls/ControlRig_Pyramid_solid.ubulk" 517
"../../../Engine/Plugins/Animation/ControlRig/Content/Controls/ControlRig_Pyramid_solid.uasset" 518
"../../../Engine/Plugins/Animation/ControlRig/Content/Controls/ControlRig_Pyramid_solid.uexp" 519
"../../../Engine/Plugins/Animation/ControlRig/Content/Controls/ControlRig_Pyramid_3mm.ubulk" 520
"../../../Engine/Plugins/Animation/ControlRig/Content/Controls/ControlRig_Pyramid_3mm.uasset" 521
"../../../Engine/Plugins/Animation/ControlRig/Content/Controls/ControlRig_Pyramid_3mm.uexp" 522
"../../../Engine/Plugins/Animation/ControlRig/Content/Controls/ControlRig_Pyramid_1mm.ubulk" 523
"../../../Engine/Plugins/Animation/ControlRig/Content/Controls/ControlRig_Pyramid_1mm.uasset" 524
"../../../Engine/Plugins/Animation/ControlRig/Content/Controls/ControlRig_Pyramid_1mm.uexp" 525
"../../../Engine/Plugins/Animation/ControlRig/Content/Controls/ControlRig_Octagon_solid.ubulk" 526
"../../../Engine/Plugins/Animation/ControlRig/Content/Controls/ControlRig_Octagon_solid.uasset" 527
"../../../Engine/Plugins/Animation/ControlRig/Content/Controls/ControlRig_Octagon_solid.uexp" 528
"../../../Engine/Plugins/Animation/ControlRig/Content/Controls/ControlRig_Octagon_3mm.ubulk" 529
"../../../Engine/Plugins/Animation/ControlRig/Content/Controls/ControlRig_Octagon_3mm.uasset" 530
"../../../Engine/Plugins/Animation/ControlRig/Content/Controls/ControlRig_Octagon_3mm.uexp" 531
"../../../Engine/Plugins/Animation/ControlRig/Content/Controls/ControlRig_Octagon_1mm.ubulk" 532
"../../../Engine/Plugins/Animation/ControlRig/Content/Controls/ControlRig_Octagon_1mm.uasset" 533
"../../../Engine/Plugins/Animation/ControlRig/Content/Controls/ControlRig_Octagon_1mm.uexp" 534
"../../../Engine/Plugins/Animation/ControlRig/Content/Controls/ControlRig_Hexagon_solid.ubulk" 535
"../../../Engine/Plugins/Animation/ControlRig/Content/Controls/ControlRig_Hexagon_solid.uasset" 536
"../../../Engine/Plugins/Animation/ControlRig/Content/Controls/ControlRig_Hexagon_solid.uexp" 537
"../../../Engine/Plugins/Animation/ControlRig/Content/Controls/ControlRig_Hexagon_3mm.ubulk" 538
"../../../Engine/Plugins/Animation/ControlRig/Content/Controls/ControlRig_Hexagon_3mm.uasset" 539
"../../../Engine/Plugins/Animation/ControlRig/Content/Controls/ControlRig_Hexagon_3mm.uexp" 540
"../../../Engine/Plugins/Animation/ControlRig/Content/Controls/ControlRig_Hexagon_1mm.ubulk" 541
"../../../Engine/Plugins/Animation/ControlRig/Content/Controls/ControlRig_Hexagon_1mm.uasset" 542
"../../../Engine/Plugins/Animation/ControlRig/Content/Controls/ControlRig_Hexagon_1mm.uexp" 543
"../../../Engine/Plugins/Animation/ControlRig/Content/Controls/ControlRig_HalfCircle_solid.ubulk" 544
"../../../Engine/Plugins/Animation/ControlRig/Content/Controls/ControlRig_HalfCircle_solid.uasset" 545
"../../../Engine/Plugins/Animation/ControlRig/Content/Controls/ControlRig_HalfCircle_solid.uexp" 546
"../../../Engine/Plugins/Animation/ControlRig/Content/Controls/ControlRig_HalfCircle_3mm.ubulk" 547
"../../../Engine/Plugins/Animation/ControlRig/Content/Controls/ControlRig_HalfCircle_3mm.uasset" 548
"../../../Engine/Plugins/Animation/ControlRig/Content/Controls/ControlRig_HalfCircle_3mm.uexp" 549
"../../../Engine/Plugins/Animation/ControlRig/Content/Controls/ControlRig_HalfCircle_1mm.ubulk" 550
"../../../Engine/Plugins/Animation/ControlRig/Content/Controls/ControlRig_HalfCircle_1mm.uasset" 551
"../../../Engine/Plugins/Animation/ControlRig/Content/Controls/ControlRig_HalfCircle_1mm.uexp" 552
"../../../Engine/Plugins/Animation/ControlRig/Content/Controls/ControlRig_Diamond_solid.ubulk" 553
"../../../Engine/Plugins/Animation/ControlRig/Content/Controls/ControlRig_Diamond_solid.uasset" 554
"../../../Engine/Plugins/Animation/ControlRig/Content/Controls/ControlRig_Diamond_solid.uexp" 555
"../../../Engine/Plugins/Animation/ControlRig/Content/Controls/ControlRig_Diamond_3mm.ubulk" 556
"../../../Engine/Plugins/Animation/ControlRig/Content/Controls/ControlRig_Diamond_3mm.uasset" 557
"../../../Engine/Plugins/Animation/ControlRig/Content/Controls/ControlRig_Diamond_3mm.uexp" 558
"../../../Engine/Plugins/Animation/ControlRig/Content/Controls/ControlRig_Diamond_1mm.ubulk" 559
"../../../Engine/Plugins/Animation/ControlRig/Content/Controls/ControlRig_Diamond_1mm.uasset" 560
"../../../Engine/Plugins/Animation/ControlRig/Content/Controls/ControlRig_Diamond_1mm.uexp" 561
"../../../Engine/Plugins/Animation/ControlRig/Content/Controls/ControlRig_Circle_solid.ubulk" 562
"../../../Engine/Plugins/Animation/ControlRig/Content/Controls/ControlRig_Circle_solid.uasset" 563
"../../../Engine/Plugins/Animation/ControlRig/Content/Controls/ControlRig_Circle_solid.uexp" 564
"../../../Engine/Plugins/Animation/ControlRig/Content/Controls/ControlRig_Circle_3mm.ubulk" 565
"../../../Engine/Plugins/Animation/ControlRig/Content/Controls/ControlRig_Circle_3mm.uasset" 566
"../../../Engine/Plugins/Animation/ControlRig/Content/Controls/ControlRig_Circle_3mm.uexp" 567
"../../../Engine/Plugins/Animation/ControlRig/Content/Controls/ControlRig_Circle_1mm.ubulk" 568
"../../../Engine/Plugins/Animation/ControlRig/Content/Controls/ControlRig_Circle_1mm.uasset" 569
"../../../Engine/Plugins/Animation/ControlRig/Content/Controls/ControlRig_Circle_1mm.uexp" 570
"../../../Engine/Plugins/Animation/ControlRig/Content/Controls/ControlRig_Box_solid.ubulk" 571
"../../../Engine/Plugins/Animation/ControlRig/Content/Controls/ControlRig_Box_solid.uasset" 572
"../../../Engine/Plugins/Animation/ControlRig/Content/Controls/ControlRig_Box_solid.uexp" 573
"../../../Engine/Plugins/Animation/ControlRig/Content/Controls/ControlRig_Box_3mm.ubulk" 574
"../../../Engine/Plugins/Animation/ControlRig/Content/Controls/ControlRig_Box_3mm.uasset" 575
"../../../Engine/Plugins/Animation/ControlRig/Content/Controls/ControlRig_Box_3mm.uexp" 576
"../../../Engine/Plugins/Animation/ControlRig/Content/Controls/ControlRig_Box_1mm.ubulk" 577
"../../../Engine/Plugins/Animation/ControlRig/Content/Controls/ControlRig_Box_1mm.uasset" 578
"../../../Engine/Plugins/Animation/ControlRig/Content/Controls/ControlRig_Box_1mm.uexp" 579
"../../../Engine/Plugins/Animation/ControlRig/Content/Controls/ControlRig_Arrow_solid.ubulk" 580
"../../../Engine/Plugins/Animation/ControlRig/Content/Controls/ControlRig_Arrow_solid.uasset" 581
"../../../Engine/Plugins/Animation/ControlRig/Content/Controls/ControlRig_Arrow_solid.uexp" 582
"../../../Engine/Plugins/Animation/ControlRig/Content/Controls/ControlRig_Arrow_3mm.ubulk" 583
"../../../Engine/Plugins/Animation/ControlRig/Content/Controls/ControlRig_Arrow_3mm.uasset" 584
"../../../Engine/Plugins/Animation/ControlRig/Content/Controls/ControlRig_Arrow_3mm.uexp" 585
"../../../Engine/Plugins/Animation/ControlRig/Content/Controls/ControlRig_Arrow_1mm.ubulk" 586
"../../../Engine/Plugins/Animation/ControlRig/Content/Controls/ControlRig_Arrow_1mm.uasset" 587
"../../../Engine/Plugins/Animation/ControlRig/Content/Controls/ControlRig_Arrow_1mm.uexp" 588
"../../../Engine/Plugins/Animation/ControlRig/Content/Controls/ControlRig_Arrow4_solid.ubulk" 589
"../../../Engine/Plugins/Animation/ControlRig/Content/Controls/ControlRig_Arrow4_solid.uasset" 590
"../../../Engine/Plugins/Animation/ControlRig/Content/Controls/ControlRig_Arrow4_solid.uexp" 591
"../../../Engine/Plugins/Animation/ControlRig/Content/Controls/ControlRig_Arrow4_3mm.ubulk" 592
"../../../Engine/Plugins/Animation/ControlRig/Content/Controls/ControlRig_Arrow4_3mm.uasset" 593
"../../../Engine/Plugins/Animation/ControlRig/Content/Controls/ControlRig_Arrow4_3mm.uexp" 594
"../../../Engine/Plugins/Animation/ControlRig/Content/Controls/ControlRig_Arrow4_1mm.ubulk" 595
"../../../Engine/Plugins/Animation/ControlRig/Content/Controls/ControlRig_Arrow4_1mm.uasset" 596
"../../../Engine/Plugins/Animation/ControlRig/Content/Controls/ControlRig_Arrow4_1mm.uexp" 597
"../../../Engine/Plugins/Animation/ControlRig/Content/Controls/ControlRig_Arrow2_solid.ubulk" 598
"../../../Engine/Plugins/Animation/ControlRig/Content/Controls/ControlRig_Arrow2_solid.uasset" 599
"../../../Engine/Plugins/Animation/ControlRig/Content/Controls/ControlRig_Arrow2_solid.uexp" 600
"../../../Engine/Plugins/Animation/ControlRig/Content/Controls/ControlRig_Arrow2_3mm.ubulk" 601
"../../../Engine/Plugins/Animation/ControlRig/Content/Controls/ControlRig_Arrow2_3mm.uasset" 602
"../../../Engine/Plugins/Animation/ControlRig/Content/Controls/ControlRig_Arrow2_3mm.uexp" 603
"../../../Engine/Plugins/Animation/ControlRig/Content/Controls/ControlRig_Arrow2_1mm.ubulk" 604
"../../../Engine/Plugins/Animation/ControlRig/Content/Controls/ControlRig_Arrow2_1mm.uasset" 605
"../../../Engine/Plugins/Animation/ControlRig/Content/Controls/ControlRig_Arrow2_1mm.uexp" 606
"../../../Engine/Content/EngineResources/WhiteSquareTexture.uasset" 607
"../../../Engine/Content/EngineResources/WhiteSquareTexture.uexp" 608
"../../../Engine/Content/EngineMaterials/Widget3DPassThrough.uasset" 609
"../../../Engine/Content/EngineMaterials/Widget3DPassThrough.uexp" 610
"../../../Engine/Content/EngineMaterials/Widget3DPassThrough_Translucent.uasset" 611
"../../../Engine/Content/EngineMaterials/Widget3DPassThrough_Translucent.uexp" 612
"../../../Engine/Content/EngineMaterials/Widget3DPassThrough_Translucent_OneSided.uasset" 613
"../../../Engine/Content/EngineMaterials/Widget3DPassThrough_Translucent_OneSided.uexp" 614
"../../../Engine/Content/EngineMaterials/Widget3DPassThrough_Opaque.uasset" 615
"../../../Engine/Content/EngineMaterials/Widget3DPassThrough_Opaque.uexp" 616
"../../../Engine/Content/EngineMaterials/Widget3DPassThrough_Opaque_OneSided.uasset" 617
"../../../Engine/Content/EngineMaterials/Widget3DPassThrough_Opaque_OneSided.uexp" 618
"../../../Engine/Content/EngineMaterials/Widget3DPassThrough_Masked_OneSided.uasset" 619
"../../../Engine/Content/EngineMaterials/Widget3DPassThrough_Masked_OneSided.uexp" 620
"../../../Engine/Content/EngineMaterials/Widget3DPassThrough_Masked.uasset" 621
"../../../Engine/Content/EngineMaterials/Widget3DPassThrough_Masked.uexp" 622
"../../../Engine/Content/EngineMaterials/WeightMapPlaceholderTexture.uasset" 623
"../../../Engine/Content/EngineMaterials/WeightMapPlaceholderTexture.uexp" 624
"../../../Engine/Content/EngineMaterials/WeightMapArrayPlaceholderTexture.uasset" 625
"../../../Engine/Content/EngineMaterials/WeightMapArrayPlaceholderTexture.uexp" 626
"../../../Engine/Content/EditorLandscapeResources/SplineEditorMeshMat.uasset" 627
"../../../Engine/Content/EditorLandscapeResources/SplineEditorMeshMat.uexp" 628
"../../../Engine/Content/EditorLandscapeResources/SplineEditorMesh.ubulk" 629
"../../../Engine/Content/EditorLandscapeResources/SplineEditorMesh.uasset" 630
"../../../Engine/Content/EditorLandscapeResources/SplineEditorMesh.uexp" 631
"../../../Engine/Content/EngineMaterials/DefaultMaterial.uasset" 632
"../../../Engine/Content/EngineMaterials/DefaultMaterial.uexp" 633
"../../../Engine/Content/BasicShapes/Sphere.ubulk" 634
"../../../Engine/Content/BasicShapes/Sphere.uasset" 635
"../../../Engine/Content/BasicShapes/Sphere.uexp" 636
"../../../Engine/Content/BasicShapes/Plane.ubulk" 637
"../../../Engine/Content/BasicShapes/Plane.uasset" 638
"../../../Engine/Content/BasicShapes/Plane.uexp" 639
"../../../Engine/Content/BasicShapes/Cylinder.ubulk" 640
"../../../Engine/Content/BasicShapes/Cylinder.uasset" 641
"../../../Engine/Content/BasicShapes/Cylinder.uexp" 642
"../../../Engine/Content/BasicShapes/Cube.ubulk" 643
"../../../Engine/Content/BasicShapes/Cube.uasset" 644
"../../../Engine/Content/BasicShapes/Cube.uexp" 645
"../../../Engine/Content/BasicShapes/Cone.ubulk" 646
"../../../Engine/Content/BasicShapes/Cone.uasset" 647
"../../../Engine/Content/BasicShapes/Cone.uexp" 648
"../../../Engine/Plugins/Interchange/Assets/Content/gltf/Textures/T_White_srgb.uasset" 649
"../../../Engine/Plugins/Interchange/Assets/Content/gltf/Textures/T_White_srgb.uexp" 650
"../../../Engine/Plugins/Interchange/Assets/Content/gltf/MaterialFunctions/MF_BaseColor.uasset" 651
"../../../Engine/Plugins/Interchange/Assets/Content/gltf/MaterialFunctions/MF_BaseColor.uexp" 652
"../../../Engine/Plugins/Interchange/Assets/Content/gltf/MaterialFunctions/MF_RotateV2.uasset" 653
"../../../Engine/Plugins/Interchange/Assets/Content/gltf/MaterialFunctions/MF_RotateV2.uexp" 654
"../../../Engine/Plugins/Interchange/Assets/Content/gltf/MaterialFunctions/MF_TransformUVs.uasset" 655
"../../../Engine/Plugins/Interchange/Assets/Content/gltf/MaterialFunctions/MF_TransformUVs.uexp" 656
"../../../Engine/Plugins/Interchange/Assets/Content/gltf/MaterialBodies/MF_Unlit_Body.uasset" 657
"../../../Engine/Plugins/Interchange/Assets/Content/gltf/MaterialBodies/MF_Unlit_Body.uexp" 658
"../../../Engine/Plugins/Interchange/Assets/Content/gltf/M_Unlit.uasset" 659
"../../../Engine/Plugins/Interchange/Assets/Content/gltf/M_Unlit.uexp" 660
"../../../Engine/Plugins/Interchange/Assets/Content/gltf/MaterialInstances/MI_Unlit_Opaque_DS.uasset" 661
"../../../Engine/Plugins/Interchange/Assets/Content/gltf/MaterialInstances/MI_Unlit_Opaque_DS.uexp" 662
"../../../Engine/Plugins/Interchange/Assets/Content/gltf/MaterialInstances/MI_Unlit_Opaque.uasset" 663
"../../../Engine/Plugins/Interchange/Assets/Content/gltf/MaterialInstances/MI_Unlit_Opaque.uexp" 664
"../../../Engine/Plugins/Interchange/Assets/Content/gltf/MaterialInstances/MI_Unlit_Mask_DS.uasset" 665
"../../../Engine/Plugins/Interchange/Assets/Content/gltf/MaterialInstances/MI_Unlit_Mask_DS.uexp" 666
"../../../Engine/Plugins/Interchange/Assets/Content/gltf/MaterialInstances/MI_Unlit_Mask.uasset" 667
"../../../Engine/Plugins/Interchange/Assets/Content/gltf/MaterialInstances/MI_Unlit_Mask.uexp" 668
"../../../Engine/Plugins/Interchange/Assets/Content/gltf/MaterialInstances/MI_Unlit_Blend_DS.uasset" 669
"../../../Engine/Plugins/Interchange/Assets/Content/gltf/MaterialInstances/MI_Unlit_Blend_DS.uexp" 670
"../../../Engine/Plugins/Interchange/Assets/Content/gltf/MaterialInstances/MI_Unlit_Blend.uasset" 671
"../../../Engine/Plugins/Interchange/Assets/Content/gltf/MaterialInstances/MI_Unlit_Blend.uexp" 672
"../../../Engine/Content/Functions/Engine_MaterialFunctions02/Math/Transform3x3Matrix.uasset" 673
"../../../Engine/Content/Functions/Engine_MaterialFunctions02/Math/Transform3x3Matrix.uexp" 674
"../../../Engine/Content/EngineMaterials/Good64x64TilingNoiseHighFreq.uasset" 675
"../../../Engine/Content/EngineMaterials/Good64x64TilingNoiseHighFreq.uexp" 676
"../../../Engine/Content/Functions/Engine_MaterialFunctions02/Texturing/ScreenAlignedPixelToPixelUVs.uasset" 677
"../../../Engine/Content/Functions/Engine_MaterialFunctions02/Texturing/ScreenAlignedPixelToPixelUVs.uexp" 678
"../../../Engine/Plugins/Interchange/Assets/Content/gltf/MaterialFunctions/MF_Temporal_Blur.uasset" 679
"../../../Engine/Plugins/Interchange/Assets/Content/gltf/MaterialFunctions/MF_Temporal_Blur.uexp" 680
"../../../Engine/Plugins/Interchange/Assets/Content/gltf/MaterialFunctions/MF_Specular.uasset" 681
"../../../Engine/Plugins/Interchange/Assets/Content/gltf/MaterialFunctions/MF_Specular.uexp" 682
"../../../Engine/Plugins/Interchange/Assets/Content/gltf/Textures/T_Anisotropy_Direction_Linear.uasset" 683
"../../../Engine/Plugins/Interchange/Assets/Content/gltf/Textures/T_Anisotropy_Direction_Linear.uexp" 684
"../../../Engine/Plugins/Interchange/Assets/Content/gltf/MaterialFunctions/MF_SpecularAnisotropy.uasset" 685
"../../../Engine/Plugins/Interchange/Assets/Content/gltf/MaterialFunctions/MF_SpecularAnisotropy.uexp" 686
"../../../Engine/Plugins/Interchange/Assets/Content/gltf/Textures/T_White_Linear.uasset" 687
"../../../Engine/Plugins/Interchange/Assets/Content/gltf/Textures/T_White_Linear.uexp" 688
"../../../Engine/Plugins/Interchange/Assets/Content/gltf/MaterialFunctions/MF_MetallicRoughness.uasset" 689
"../../../Engine/Plugins/Interchange/Assets/Content/gltf/MaterialFunctions/MF_MetallicRoughness.uexp" 690
"../../../Engine/Plugins/Interchange/Assets/Content/gltf/Textures/T_Generic_N.uasset" 691
"../../../Engine/Plugins/Interchange/Assets/Content/gltf/Textures/T_Generic_N.uexp" 692
"../../../Engine/Plugins/Interchange/Assets/Content/gltf/MaterialFunctions/MF_ScaleNormal.uasset" 693
"../../../Engine/Plugins/Interchange/Assets/Content/gltf/MaterialFunctions/MF_ScaleNormal.uexp" 694
"../../../Engine/Plugins/Interchange/Assets/Content/gltf/MaterialFunctions/MF_Fresnel_DS.uasset" 695
"../../../Engine/Plugins/Interchange/Assets/Content/gltf/MaterialFunctions/MF_Fresnel_DS.uexp" 696
"../../../Engine/Plugins/Interchange/Assets/Content/gltf/MaterialFunctions/MF_Iridescence.uasset" 697
"../../../Engine/Plugins/Interchange/Assets/Content/gltf/MaterialFunctions/MF_Iridescence.uexp" 698
"../../../Engine/Plugins/Interchange/Assets/Content/gltf/MaterialFunctions/MF_Occlusion.uasset" 699
"../../../Engine/Plugins/Interchange/Assets/Content/gltf/MaterialFunctions/MF_Occlusion.uexp" 700
"../../../Engine/Plugins/Interchange/Assets/Content/gltf/MaterialFunctions/MF_IOR.uasset" 701
"../../../Engine/Plugins/Interchange/Assets/Content/gltf/MaterialFunctions/MF_IOR.uexp" 702
"../../../Engine/Plugins/Interchange/Assets/Content/gltf/MaterialFunctions/MF_Transmission.uasset" 703
"../../../Engine/Plugins/Interchange/Assets/Content/gltf/MaterialFunctions/MF_Transmission.uexp" 704
"../../../Engine/Plugins/Interchange/Assets/Content/gltf/MaterialFunctions/MF_RotateNormals_TS.uasset" 705
"../../../Engine/Plugins/Interchange/Assets/Content/gltf/MaterialFunctions/MF_RotateNormals_TS.uexp" 706
"../../../Engine/Plugins/Interchange/Assets/Content/gltf/MaterialFunctions/MF_Normals.uasset" 707
"../../../Engine/Plugins/Interchange/Assets/Content/gltf/MaterialFunctions/MF_Normals.uexp" 708
"../../../Engine/Plugins/Interchange/Assets/Content/gltf/MaterialBodies/MF_Transmission_Body.uasset" 709
"../../../Engine/Plugins/Interchange/Assets/Content/gltf/MaterialBodies/MF_Transmission_Body.uexp" 710
"../../../Engine/Plugins/Interchange/Assets/Content/gltf/M_Transmission.uasset" 711
"../../../Engine/Plugins/Interchange/Assets/Content/gltf/M_Transmission.uexp" 712
"../../../Engine/Plugins/Interchange/Assets/Content/gltf/MaterialInstances/MI_Transmission_DS.uasset" 713
"../../../Engine/Plugins/Interchange/Assets/Content/gltf/MaterialInstances/MI_Transmission_DS.uexp" 714
"../../../Engine/Plugins/Interchange/Assets/Content/gltf/MaterialInstances/MI_Transmission.uasset" 715
"../../../Engine/Plugins/Interchange/Assets/Content/gltf/MaterialInstances/MI_Transmission.uexp" 716
"../../../Engine/Content/Functions/Engine_MaterialFunctions02/Math/AddComponents.uasset" 717
"../../../Engine/Content/Functions/Engine_MaterialFunctions02/Math/AddComponents.uexp" 718
"../../../Engine/Plugins/Interchange/Assets/Content/gltf/MaterialFunctions/MF_DiffuseSpecGloss.uasset" 719
"../../../Engine/Plugins/Interchange/Assets/Content/gltf/MaterialFunctions/MF_DiffuseSpecGloss.uexp" 720
"../../../Engine/Plugins/Interchange/Assets/Content/gltf/MaterialFunctions/MF_Emissive.uasset" 721
"../../../Engine/Plugins/Interchange/Assets/Content/gltf/MaterialFunctions/MF_Emissive.uexp" 722
"../../../Engine/Plugins/Interchange/Assets/Content/gltf/MaterialFunctions/MF_PerceivedBrightness.uasset" 723
"../../../Engine/Plugins/Interchange/Assets/Content/gltf/MaterialFunctions/MF_PerceivedBrightness.uexp" 724
"../../../Engine/Plugins/Interchange/Assets/Content/gltf/MaterialFunctions/MF_SpecGlossToMetalRoughness.uasset" 725
"../../../Engine/Plugins/Interchange/Assets/Content/gltf/MaterialFunctions/MF_SpecGlossToMetalRoughness.uexp" 726
"../../../Engine/Plugins/Interchange/Assets/Content/gltf/MaterialFunctions/MF_MaxComponentValue.uasset" 727
"../../../Engine/Plugins/Interchange/Assets/Content/gltf/MaterialFunctions/MF_MaxComponentValue.uexp" 728
"../../../Engine/Plugins/Interchange/Assets/Content/gltf/MaterialBodies/MF_SpecularGlossiness_Body.uasset" 729
"../../../Engine/Plugins/Interchange/Assets/Content/gltf/MaterialBodies/MF_SpecularGlossiness_Body.uexp" 730
"../../../Engine/Plugins/Interchange/Assets/Content/gltf/M_SpecularGlossiness.uasset" 731
"../../../Engine/Plugins/Interchange/Assets/Content/gltf/M_SpecularGlossiness.uexp" 732
"../../../Engine/Plugins/Interchange/Assets/Content/gltf/MaterialInstances/MI_SpecularGlossiness_Opaque_DS.uasset" 733
"../../../Engine/Plugins/Interchange/Assets/Content/gltf/MaterialInstances/MI_SpecularGlossiness_Opaque_DS.uexp" 734
"../../../Engine/Plugins/Interchange/Assets/Content/gltf/MaterialInstances/MI_SpecularGlossiness_Opaque.uasset" 735
"../../../Engine/Plugins/Interchange/Assets/Content/gltf/MaterialInstances/MI_SpecularGlossiness_Opaque.uexp" 736
"../../../Engine/Plugins/Interchange/Assets/Content/gltf/MaterialInstances/MI_SpecularGlossiness_Mask_DS.uasset" 737
"../../../Engine/Plugins/Interchange/Assets/Content/gltf/MaterialInstances/MI_SpecularGlossiness_Mask_DS.uexp" 738
"../../../Engine/Plugins/Interchange/Assets/Content/gltf/MaterialInstances/MI_SpecularGlossiness_Mask.uasset" 739
"../../../Engine/Plugins/Interchange/Assets/Content/gltf/MaterialInstances/MI_SpecularGlossiness_Mask.uexp" 740
"../../../Engine/Plugins/Interchange/Assets/Content/gltf/MaterialInstances/MI_SpecularGlossiness_Blend_DS.uasset" 741
"../../../Engine/Plugins/Interchange/Assets/Content/gltf/MaterialInstances/MI_SpecularGlossiness_Blend_DS.uexp" 742
"../../../Engine/Plugins/Interchange/Assets/Content/gltf/MaterialInstances/MI_SpecularGlossiness_Blend.uasset" 743
"../../../Engine/Plugins/Interchange/Assets/Content/gltf/MaterialInstances/MI_SpecularGlossiness_Blend.uexp" 744
"../../../Engine/Plugins/Interchange/Assets/Content/gltf/MaterialFunctions/MF_Sheen.uasset" 745
"../../../Engine/Plugins/Interchange/Assets/Content/gltf/MaterialFunctions/MF_Sheen.uexp" 746
"../../../Engine/Plugins/Interchange/Assets/Content/gltf/MaterialBodies/MF_Sheen_Body.uasset" 747
"../../../Engine/Plugins/Interchange/Assets/Content/gltf/MaterialBodies/MF_Sheen_Body.uexp" 748
"../../../Engine/Plugins/Interchange/Assets/Content/gltf/M_Sheen.uasset" 749
"../../../Engine/Plugins/Interchange/Assets/Content/gltf/M_Sheen.uexp" 750
"../../../Engine/Plugins/Interchange/Assets/Content/gltf/MaterialInstances/MI_Sheen_Opaque_DS.uasset" 751
"../../../Engine/Plugins/Interchange/Assets/Content/gltf/MaterialInstances/MI_Sheen_Opaque_DS.uexp" 752
"../../../Engine/Plugins/Interchange/Assets/Content/gltf/MaterialInstances/MI_Sheen_Opaque.uasset" 753
"../../../Engine/Plugins/Interchange/Assets/Content/gltf/MaterialInstances/MI_Sheen_Opaque.uexp" 754
"../../../Engine/Plugins/Interchange/Assets/Content/gltf/MaterialInstances/MI_Sheen_Mask_DS.uasset" 755
"../../../Engine/Plugins/Interchange/Assets/Content/gltf/MaterialInstances/MI_Sheen_Mask_DS.uexp" 756
"../../../Engine/Plugins/Interchange/Assets/Content/gltf/MaterialInstances/MI_Sheen_Mask.uasset" 757
"../../../Engine/Plugins/Interchange/Assets/Content/gltf/MaterialInstances/MI_Sheen_Mask.uexp" 758
"../../../Engine/Plugins/Interchange/Assets/Content/gltf/MaterialInstances/MI_Sheen_Blend_DS.uasset" 759
"../../../Engine/Plugins/Interchange/Assets/Content/gltf/MaterialInstances/MI_Sheen_Blend_DS.uexp" 760
"../../../Engine/Plugins/Interchange/Assets/Content/gltf/MaterialInstances/MI_Sheen_Blend.uasset" 761
"../../../Engine/Plugins/Interchange/Assets/Content/gltf/MaterialInstances/MI_Sheen_Blend.uexp" 762
"../../../Engine/Plugins/Interchange/Assets/Content/gltf/MaterialBodies/MF_Default_Body.uasset" 763
"../../../Engine/Plugins/Interchange/Assets/Content/gltf/MaterialBodies/MF_Default_Body.uexp" 764
"../../../Engine/Plugins/Interchange/Assets/Content/gltf/M_Default.uasset" 765
"../../../Engine/Plugins/Interchange/Assets/Content/gltf/M_Default.uexp" 766
"../../../Engine/Plugins/Interchange/Assets/Content/gltf/MaterialInstances/MI_Default_Opaque_DS.uasset" 767
"../../../Engine/Plugins/Interchange/Assets/Content/gltf/MaterialInstances/MI_Default_Opaque_DS.uexp" 768
"../../../Engine/Plugins/Interchange/Assets/Content/gltf/MaterialInstances/MI_Default_Opaque.uasset" 769
"../../../Engine/Plugins/Interchange/Assets/Content/gltf/MaterialInstances/MI_Default_Opaque.uexp" 770
"../../../Engine/Plugins/Interchange/Assets/Content/gltf/MaterialInstances/MI_Default_Mask_DS.uasset" 771
"../../../Engine/Plugins/Interchange/Assets/Content/gltf/MaterialInstances/MI_Default_Mask_DS.uexp" 772
"../../../Engine/Plugins/Interchange/Assets/Content/gltf/MaterialInstances/MI_Default_Mask.uasset" 773
"../../../Engine/Plugins/Interchange/Assets/Content/gltf/MaterialInstances/MI_Default_Mask.uexp" 774
"../../../Engine/Plugins/Interchange/Assets/Content/gltf/MaterialInstances/MI_Default_Blend_DS.uasset" 775
"../../../Engine/Plugins/Interchange/Assets/Content/gltf/MaterialInstances/MI_Default_Blend_DS.uexp" 776
"../../../Engine/Plugins/Interchange/Assets/Content/gltf/MaterialInstances/MI_Default_Blend.uasset" 777
"../../../Engine/Plugins/Interchange/Assets/Content/gltf/MaterialInstances/MI_Default_Blend.uexp" 778
"../../../Engine/Content/Functions/Engine_MaterialFunctions01/Texturing/FlattenNormal.uasset" 779
"../../../Engine/Content/Functions/Engine_MaterialFunctions01/Texturing/FlattenNormal.uexp" 780
"../../../Engine/Plugins/Interchange/Assets/Content/gltf/MaterialFunctions/MF_Clearcoat.uasset" 781
"../../../Engine/Plugins/Interchange/Assets/Content/gltf/MaterialFunctions/MF_Clearcoat.uexp" 782
"../../../Engine/Plugins/Interchange/Assets/Content/gltf/MaterialBodies/MF_ClearCoat_Body.uasset" 783
"../../../Engine/Plugins/Interchange/Assets/Content/gltf/MaterialBodies/MF_ClearCoat_Body.uexp" 784
"../../../Engine/Plugins/Interchange/Assets/Content/gltf/M_ClearCoat.uasset" 785
"../../../Engine/Plugins/Interchange/Assets/Content/gltf/M_ClearCoat.uexp" 786
"../../../Engine/Plugins/Interchange/Assets/Content/gltf/MaterialInstances/MI_ClearCoat_Opaque_DS.uasset" 787
"../../../Engine/Plugins/Interchange/Assets/Content/gltf/MaterialInstances/MI_ClearCoat_Opaque_DS.uexp" 788
"../../../Engine/Plugins/Interchange/Assets/Content/gltf/MaterialInstances/MI_ClearCoat_Opaque.uasset" 789
"../../../Engine/Plugins/Interchange/Assets/Content/gltf/MaterialInstances/MI_ClearCoat_Opaque.uexp" 790
"../../../Engine/Plugins/Interchange/Assets/Content/gltf/MaterialInstances/MI_ClearCoat_Mask_DS.uasset" 791
"../../../Engine/Plugins/Interchange/Assets/Content/gltf/MaterialInstances/MI_ClearCoat_Mask_DS.uexp" 792
"../../../Engine/Plugins/Interchange/Assets/Content/gltf/MaterialInstances/MI_ClearCoat_Mask.uasset" 793
"../../../Engine/Plugins/Interchange/Assets/Content/gltf/MaterialInstances/MI_ClearCoat_Mask.uexp" 794
"../../../Engine/Plugins/Interchange/Assets/Content/gltf/MaterialInstances/MI_ClearCoat_Blend_DS.uasset" 795
"../../../Engine/Plugins/Interchange/Assets/Content/gltf/MaterialInstances/MI_ClearCoat_Blend_DS.uexp" 796
"../../../Engine/Plugins/Interchange/Assets/Content/gltf/MaterialInstances/MI_ClearCoat_Blend.uasset" 797
"../../../Engine/Plugins/Interchange/Assets/Content/gltf/MaterialInstances/MI_ClearCoat_Blend.uexp" 798
"../../../Engine/Content/VREditor/TransformGizmo/Main.uasset" 799
"../../../Engine/Content/VREditor/TransformGizmo/Main.uexp" 800
"../../../Engine/Content/VREditor/TransformGizmo/Xray.uasset" 801
"../../../Engine/Content/VREditor/TransformGizmo/Xray.uexp" 802
"../../../Engine/Content/VREditor/TransformGizmo/SM_Sequencer_Node.ubulk" 803
"../../../Engine/Content/VREditor/TransformGizmo/SM_Sequencer_Node.uasset" 804
"../../../Engine/Content/VREditor/TransformGizmo/SM_Sequencer_Node.uexp" 805
"../../../Engine/Content/VREditor/LaserPointer/VR_LaserPower_01.ubulk" 806
"../../../Engine/Content/VREditor/LaserPointer/VR_LaserPower_01.uasset" 807
"../../../Engine/Content/VREditor/LaserPointer/VR_LaserPower_01.uexp" 808
"../../../Engine/Content/VREditor/TransformGizmo/TransformGizmoMaterial.uasset" 809
"../../../Engine/Content/VREditor/TransformGizmo/TransformGizmoMaterial.uexp" 810
"../../../Engine/Content/VREditor/TransformGizmo/TranslucentTransformGizmoMaterial.uasset" 811
"../../../Engine/Content/VREditor/TransformGizmo/TranslucentTransformGizmoMaterial.uexp" 812
"../../../Engine/Content/VREditor/TransformGizmo/BoundingBoxEdge.ubulk" 813
"../../../Engine/Content/VREditor/TransformGizmo/BoundingBoxEdge.uasset" 814
"../../../Engine/Content/VREditor/TransformGizmo/BoundingBoxEdge.uexp" 815
"../../../Engine/Content/VREditor/TransformGizmo/BoundingBoxCorner.ubulk" 816
"../../../Engine/Content/VREditor/TransformGizmo/BoundingBoxCorner.uasset" 817
"../../../Engine/Content/VREditor/TransformGizmo/BoundingBoxCorner.uexp" 818
"../../../Engine/Content/EngineSky/VolumetricClouds/T_CloudMask.ubulk" 819
"../../../Engine/Content/EngineSky/VolumetricClouds/T_CloudMask.uasset" 820
"../../../Engine/Content/EngineSky/VolumetricClouds/T_CloudMask.uexp" 821
"../../../Engine/Content/EngineSky/VolumetricClouds/VT_Lightning.uasset" 822
"../../../Engine/Content/EngineSky/VolumetricClouds/VT_Lightning.uexp" 823
"../../../Engine/Content/EngineSky/VolumetricClouds/T_Profile_08.ubulk" 824
"../../../Engine/Content/EngineSky/VolumetricClouds/T_Profile_08.uasset" 825
"../../../Engine/Content/EngineSky/VolumetricClouds/T_Profile_08.uexp" 826
"../../../Engine/Content/Functions/Engine_MaterialFunctions02/Utility/MakeFloat4.uasset" 827
"../../../Engine/Content/Functions/Engine_MaterialFunctions02/Utility/MakeFloat4.uexp" 828
"../../../Engine/Content/Functions/Engine_MaterialFunctions01/Units/Km-to-Cm.uasset" 829
"../../../Engine/Content/Functions/Engine_MaterialFunctions01/Units/Km-to-Cm.uexp" 830
"../../../Engine/Content/Functions/Engine_MaterialFunctions02/Utility/BreakOutFloat4Components.uasset" 831
"../../../Engine/Content/Functions/Engine_MaterialFunctions02/Utility/BreakOutFloat4Components.uexp" 832
"../../../Engine/Content/EngineSky/VolumetricClouds/T_CloudPattern.ubulk" 833
"../../../Engine/Content/EngineSky/VolumetricClouds/T_CloudPattern.uasset" 834
"../../../Engine/Content/EngineSky/VolumetricClouds/T_CloudPattern.uexp" 835
"../../../Engine/Content/EngineSky/VolumetricClouds/VT_PerlinWorley_Balanced.uasset" 836
"../../../Engine/Content/EngineSky/VolumetricClouds/VT_PerlinWorley_Balanced.uexp" 837
"../../../Engine/Content/EngineSky/VolumetricClouds/m_SimpleVolumetricCloud.uasset" 838
"../../../Engine/Content/EngineSky/VolumetricClouds/m_SimpleVolumetricCloud.uexp" 839
"../../../Engine/Content/EngineSky/VolumetricClouds/m_SimpleVolumetricCloud_Inst.uasset" 840
"../../../Engine/Content/EngineSky/VolumetricClouds/m_SimpleVolumetricCloud_Inst.uexp" 841
"../../../Engine/Content/EditorMaterials/Camera/CineMat.uasset" 842
"../../../Engine/Content/EditorMaterials/Camera/CineMat.uexp" 843
"../../../Engine/Content/EditorMaterials/Camera/MI_CineMat_Rig.uasset" 844
"../../../Engine/Content/EditorMaterials/Camera/MI_CineMat_Rig.uexp" 845
"../../../Engine/Content/EditorMeshes/Camera/SM_RailRig_Track.ubulk" 846
"../../../Engine/Content/EditorMeshes/Camera/SM_RailRig_Track.uasset" 847
"../../../Engine/Content/EditorMeshes/Camera/SM_RailRig_Track.uexp" 848
"../../../Engine/Content/EditorMeshes/Camera/SM_RailRig_Mount.ubulk" 849
"../../../Engine/Content/EditorMeshes/Camera/SM_RailRig_Mount.uasset" 850
"../../../Engine/Content/EditorMeshes/Camera/SM_RailRig_Mount.uexp" 851
"../../../Engine/Content/EditorMeshes/Camera/SM_CraneRig_Mount.ubulk" 852
"../../../Engine/Content/EditorMeshes/Camera/SM_CraneRig_Mount.uasset" 853
"../../../Engine/Content/EditorMeshes/Camera/SM_CraneRig_Mount.uexp" 854
"../../../Engine/Content/EditorMeshes/Camera/SM_CraneRig_Body.ubulk" 855
"../../../Engine/Content/EditorMeshes/Camera/SM_CraneRig_Body.uasset" 856
"../../../Engine/Content/EditorMeshes/Camera/SM_CraneRig_Body.uexp" 857
"../../../Engine/Content/EditorMeshes/Camera/SM_CraneRig_Base.ubulk" 858
"../../../Engine/Content/EditorMeshes/Camera/SM_CraneRig_Base.uasset" 859
"../../../Engine/Content/EditorMeshes/Camera/SM_CraneRig_Base.uexp" 860
"../../../Engine/Content/EditorMeshes/Camera/SM_CraneRig_Arm.ubulk" 861
"../../../Engine/Content/EditorMeshes/Camera/SM_CraneRig_Arm.uasset" 862
"../../../Engine/Content/EditorMeshes/Camera/SM_CraneRig_Arm.uexp" 863
"D:/pros/GASP6/Content/ThirdPerson/DataTable/DT_Stamina.uasset" 864
"D:/pros/GASP6/Content/ThirdPerson/DataTable/DT_Stamina.uexp" 865
"../../../Engine/Content/EngineMaterials/Substrate/GLints2/AGlintTex2dArray2.uasset" 866
"../../../Engine/Content/EngineMaterials/Substrate/GLints2/AGlintTex2dArray2.uexp" 867
"../../../Engine/Content/EngineMaterials/Substrate/GLints/AGlintTex2dArray.uasset" 868
"../../../Engine/Content/EngineMaterials/Substrate/GLints/AGlintTex2dArray.uexp" 869
"../../../Engine/Content/ArtTools/RenderToTexture/Meshes/S_1_Unit_Plane.ubulk" 870
"../../../Engine/Content/ArtTools/RenderToTexture/Meshes/S_1_Unit_Plane.uasset" 871
"../../../Engine/Content/ArtTools/RenderToTexture/Meshes/S_1_Unit_Plane.uexp" 872
"D:/pros/GASP6/Content/Characters/Mannequin_UE4/Textures/T_UELogo_N_TGA.ubulk" 873
"D:/pros/GASP6/Content/Characters/Mannequin_UE4/Textures/T_UELogo_N_TGA.uasset" 874
"D:/pros/GASP6/Content/Characters/Mannequin_UE4/Textures/T_UELogo_N_TGA.uexp" 875
"D:/pros/GASP6/Content/Characters/Mannequin_UE4/Textures/T_UE4_Mannequin__normals.ubulk" 876
"D:/pros/GASP6/Content/Characters/Mannequin_UE4/Textures/T_UE4_Mannequin__normals.uasset" 877
"D:/pros/GASP6/Content/Characters/Mannequin_UE4/Textures/T_UE4_Mannequin__normals.uexp" 878
"D:/pros/GASP6/Content/Characters/Mannequin_UE4/Materials/Layers/ML_ShinyPlastic_Beige.uasset" 879
"D:/pros/GASP6/Content/Characters/Mannequin_UE4/Materials/Layers/ML_ShinyPlastic_Beige.uexp" 880
"../../../Engine/Content/Functions/Engine_MaterialFunctions02/Utility/BlendAngleCorrectedNormals.uasset" 881
"../../../Engine/Content/Functions/Engine_MaterialFunctions02/Utility/BlendAngleCorrectedNormals.uexp" 882
"../../../Engine/Content/Functions/MaterialLayerFunctions/MatLayerBlend_NormalBlend.uasset" 883
"../../../Engine/Content/Functions/MaterialLayerFunctions/MatLayerBlend_NormalBlend.uexp" 884
"D:/pros/GASP6/Content/Characters/Mannequin_UE4/Textures/T_UELogo_Mask.ubulk" 885
"D:/pros/GASP6/Content/Characters/Mannequin_UE4/Textures/T_UELogo_Mask.uasset" 886
"D:/pros/GASP6/Content/Characters/Mannequin_UE4/Textures/T_UELogo_Mask.uexp" 887
"D:/pros/GASP6/Content/Characters/Mannequin_UE4/Materials/Layers/ML_ShinyPlastic_Beige_Logo.uasset" 888
"D:/pros/GASP6/Content/Characters/Mannequin_UE4/Materials/Layers/ML_ShinyPlastic_Beige_Logo.uexp" 889
"D:/pros/GASP6/Content/Characters/Mannequin_UE4/Textures/T_UE4_Mannequin_MAT_MASKA.ubulk" 890
"D:/pros/GASP6/Content/Characters/Mannequin_UE4/Textures/T_UE4_Mannequin_MAT_MASKA.uasset" 891
"D:/pros/GASP6/Content/Characters/Mannequin_UE4/Textures/T_UE4_Mannequin_MAT_MASKA.uexp" 892
"D:/pros/GASP6/Content/Characters/Mannequin_UE4/Textures/T_ML_Aluminum01_N.ubulk" 893
"D:/pros/GASP6/Content/Characters/Mannequin_UE4/Textures/T_ML_Aluminum01_N.uasset" 894
"D:/pros/GASP6/Content/Characters/Mannequin_UE4/Textures/T_ML_Aluminum01_N.uexp" 895
"D:/pros/GASP6/Content/Characters/Mannequin_UE4/Textures/T_ML_Aluminum01.ubulk" 896
"D:/pros/GASP6/Content/Characters/Mannequin_UE4/Textures/T_ML_Aluminum01.uasset" 897
"D:/pros/GASP6/Content/Characters/Mannequin_UE4/Textures/T_ML_Aluminum01.uexp" 898
"D:/pros/GASP6/Content/Characters/Mannequin_UE4/Materials/Layers/ML_SoftMetal.uasset" 899
"D:/pros/GASP6/Content/Characters/Mannequin_UE4/Materials/Layers/ML_SoftMetal.uexp" 900
"../../../Engine/Content/Functions/MaterialLayerFunctions/MatLayerBlend_Simple.uasset" 901
"../../../Engine/Content/Functions/MaterialLayerFunctions/MatLayerBlend_Simple.uexp" 902
"D:/pros/GASP6/Content/Characters/Mannequin_UE4/Textures/T_ML_Rubber_Blue_01_N.ubulk" 903
"D:/pros/GASP6/Content/Characters/Mannequin_UE4/Textures/T_ML_Rubber_Blue_01_N.uasset" 904
"D:/pros/GASP6/Content/Characters/Mannequin_UE4/Textures/T_ML_Rubber_Blue_01_N.uexp" 905
"D:/pros/GASP6/Content/Characters/Mannequin_UE4/Textures/T_ML_Rubber_Blue_01_D.ubulk" 906
"D:/pros/GASP6/Content/Characters/Mannequin_UE4/Textures/T_ML_Rubber_Blue_01_D.uasset" 907
"D:/pros/GASP6/Content/Characters/Mannequin_UE4/Textures/T_ML_Rubber_Blue_01_D.uexp" 908
"D:/pros/GASP6/Content/Characters/Mannequin_UE4/Materials/Layers/ML_Latex_Black.uasset" 909
"D:/pros/GASP6/Content/Characters/Mannequin_UE4/Materials/Layers/ML_Latex_Black.uexp" 910
"D:/pros/GASP6/Content/Characters/Mannequin_UE4/Materials/M_MannequinUE4_Body.uasset" 911
"D:/pros/GASP6/Content/Characters/Mannequin_UE4/Materials/M_MannequinUE4_Body.uexp" 912
"D:/pros/GASP6/Content/Characters/Mannequin_UE4/Materials/M_MannequinUE4_ChestLogo.uasset" 913
"D:/pros/GASP6/Content/Characters/Mannequin_UE4/Materials/M_MannequinUE4_ChestLogo.uexp" 914
"D:/pros/GASP6/Content/Characters/Mannequin_UE4/Meshes/SK_Mannequin_PhysicsAsset.uasset" 915
"D:/pros/GASP6/Content/Characters/Mannequin_UE4/Meshes/SK_Mannequin_PhysicsAsset.uexp" 916
"D:/pros/GASP6/Content/Characters/Mannequin_UE4/Meshes/SK_Mannequin_Skeleton.uasset" 917
"D:/pros/GASP6/Content/Characters/Mannequin_UE4/Meshes/SK_Mannequin_Skeleton.uexp" 918
"D:/pros/GASP6/Content/Characters/Mannequin_UE4/Meshes/SK_Mannequin.uasset" 919
"D:/pros/GASP6/Content/Characters/Mannequin_UE4/Meshes/SK_Mannequin.uexp" 920
"../../../Engine/Content/Animation/DefaultAnimCurveCompressionSettings.uasset" 921
"../../../Engine/Content/Animation/DefaultAnimCurveCompressionSettings.uexp" 922
"../../../Engine/Content/Animation/DefaultVariableFrameStrippingSettings.uasset" 923
"../../../Engine/Content/Animation/DefaultVariableFrameStrippingSettings.uexp" 924
"D:/pros/GASP6/Content/Characters/Mannequins/Meshes/SK_Mannequin.uasset" 925
"D:/pros/GASP6/Content/Characters/Mannequins/Meshes/SK_Mannequin.uexp" 926
"../../../Engine/Content/Animation/DefaultAnimBoneCompressionSettings.uasset" 927
"../../../Engine/Content/Animation/DefaultAnimBoneCompressionSettings.uexp" 928
"D:/pros/GASP6/Content/Characters/Mannequins/Animations/Manny/MM_Fall_Loop.uasset" 929
"D:/pros/GASP6/Content/Characters/Mannequins/Animations/Manny/MM_Fall_Loop.uexp" 930
"D:/pros/GASP6/Content/Characters/Mannequins/Animations/Manny/MM_Jump.uasset" 931
"D:/pros/GASP6/Content/Characters/Mannequins/Animations/Manny/MM_Jump.uexp" 932
"../../../Engine/Plugins/Animation/ControlRig/Content/Controls/DefaultGizmoLibrary.uasset" 933
"../../../Engine/Plugins/Animation/ControlRig/Content/Controls/DefaultGizmoLibrary.uexp" 934
"D:/pros/GASP6/Content/Characters/Mannequins/Rigs/CR_Mannequin_BasicFootIK.uasset" 935
"D:/pros/GASP6/Content/Characters/Mannequins/Rigs/CR_Mannequin_BasicFootIK.uexp" 936
"D:/pros/GASP6/Content/Characters/Mannequins/Animations/Manny/MM_Run_Fwd.uasset" 937
"D:/pros/GASP6/Content/Characters/Mannequins/Animations/Manny/MM_Run_Fwd.uexp" 938
"D:/pros/GASP6/Content/Characters/Mannequins/Animations/Manny/MM_Walk_Fwd.uasset" 939
"D:/pros/GASP6/Content/Characters/Mannequins/Animations/Manny/MM_Walk_Fwd.uexp" 940
"../../../Engine/Content/Animation/DefaultRecorderBoneCompression.uasset" 941
"../../../Engine/Content/Animation/DefaultRecorderBoneCompression.uexp" 942
"D:/pros/GASP6/Content/Characters/Mannequins/Animations/Manny/MM_Walk_InPlace.uasset" 943
"D:/pros/GASP6/Content/Characters/Mannequins/Animations/Manny/MM_Walk_InPlace.uexp" 944
"D:/pros/GASP6/Content/Characters/Mannequins/Animations/Manny/BS_MM_WalkRun.uasset" 945
"D:/pros/GASP6/Content/Characters/Mannequins/Animations/Manny/BS_MM_WalkRun.uexp" 946
"D:/pros/GASP6/Content/Characters/Mannequins/Animations/Manny/MM_Land.uasset" 947
"D:/pros/GASP6/Content/Characters/Mannequins/Animations/Manny/MM_Land.uexp" 948
"D:/pros/GASP6/Content/Characters/Mannequins/Animations/Manny/MM_Idle.uasset" 949
"D:/pros/GASP6/Content/Characters/Mannequins/Animations/Manny/MM_Idle.uexp" 950
"D:/pros/GASP6/Content/Characters/Mannequins/Animations/ABP_Manny.uasset" 951
"D:/pros/GASP6/Content/Characters/Mannequins/Animations/ABP_Manny.uexp" 952
"D:/pros/GASP6/Content/ThirdPerson/Blueprints/BP_Enemy.uasset" 953
"D:/pros/GASP6/Content/ThirdPerson/Blueprints/BP_Enemy.uexp" 954
"../../../Engine/Plugins/NNE/NNEDenoiser/Content/NNE_oidn2-3-0_rt_hdr_calb_cnrm_large__dyn__fp16_opset11_ForwardAlpha.uasset" 955
"../../../Engine/Plugins/NNE/NNEDenoiser/Content/NNE_oidn2-3-0_rt_hdr_calb_cnrm_large__dyn__fp16_opset11_ForwardAlpha.uexp" 956
"../../../Engine/Plugins/NNE/NNEDenoiser/Content/NNE_oidn2-3-0_rt_hdr_calb_cnrm_large__dyn__fp16_opset11_DenoiseAlpha.uasset" 957
"../../../Engine/Plugins/NNE/NNEDenoiser/Content/NNE_oidn2-3-0_rt_hdr_calb_cnrm_large__dyn__fp16_opset11_DenoiseAlpha.uexp" 958
"../../../Engine/Plugins/NNE/NNEDenoiser/Content/NNE_oidn2-3-0_rt_hdr_alb_nrm__dyn__fp16_opset11_ForwardAlpha.uasset" 959
"../../../Engine/Plugins/NNE/NNEDenoiser/Content/NNE_oidn2-3-0_rt_hdr_alb_nrm__dyn__fp16_opset11_ForwardAlpha.uexp" 960
"../../../Engine/Plugins/NNE/NNEDenoiser/Content/NNE_oidn2-3-0_rt_hdr_alb_nrm__dyn__fp16_opset11_DenoiseAlpha.uasset" 961
"../../../Engine/Plugins/NNE/NNEDenoiser/Content/NNE_oidn2-3-0_rt_hdr_alb_nrm__dyn__fp16_opset11_DenoiseAlpha.uexp" 962
"../../../Engine/Plugins/NNE/NNEDenoiser/Content/NNE_oidn2-3-0_rt_hdr_alb_nrm_small__dyn__fp16_opset11_ForwardAlpha.uasset" 963
"../../../Engine/Plugins/NNE/NNEDenoiser/Content/NNE_oidn2-3-0_rt_hdr_alb_nrm_small__dyn__fp16_opset11_ForwardAlpha.uexp" 964
"../../../Engine/Plugins/NNE/NNEDenoiser/Content/NNE_oidn2-3-0_rt_hdr_alb_nrm_small__dyn__fp16_opset11_DenoiseAlpha.uasset" 965
"../../../Engine/Plugins/NNE/NNEDenoiser/Content/NNE_oidn2-3-0_rt_hdr_alb_nrm_small__dyn__fp16_opset11_DenoiseAlpha.uexp" 966
"../../../Engine/Plugins/NNE/NNEDenoiser/Content/NNED_Oidn2-3_HighQuality_Alpha.uasset" 967
"../../../Engine/Plugins/NNE/NNEDenoiser/Content/NNED_Oidn2-3_HighQuality_Alpha.uexp" 968
"../../../Engine/Plugins/NNE/NNEDenoiser/Content/NNED_Oidn2-3_HighQuality.uasset" 969
"../../../Engine/Plugins/NNE/NNEDenoiser/Content/NNED_Oidn2-3_HighQuality.uexp" 970
"../../../Engine/Plugins/NNE/NNEDenoiser/Content/NNED_Oidn2-3_Fast_Alpha.uasset" 971
"../../../Engine/Plugins/NNE/NNEDenoiser/Content/NNED_Oidn2-3_Fast_Alpha.uexp" 972
"../../../Engine/Plugins/NNE/NNEDenoiser/Content/NNED_Oidn2-3_Fast.uasset" 973
"../../../Engine/Plugins/NNE/NNEDenoiser/Content/NNED_Oidn2-3_Fast.uexp" 974
"../../../Engine/Plugins/NNE/NNEDenoiser/Content/NNED_Oidn2-3_Balanced_Alpha.uasset" 975
"../../../Engine/Plugins/NNE/NNEDenoiser/Content/NNED_Oidn2-3_Balanced_Alpha.uexp" 976
"../../../Engine/Plugins/NNE/NNEDenoiser/Content/NNED_Oidn2-3_Balanced.uasset" 977
"../../../Engine/Plugins/NNE/NNEDenoiser/Content/NNED_Oidn2-3_Balanced.uexp" 978
"../../../Engine/Plugins/NNE/NNEDenoiser/Content/NNEDT_Oidn2-3_Balanced_Alpha.uasset" 979
"../../../Engine/Plugins/NNE/NNEDenoiser/Content/NNEDT_Oidn2-3_Balanced_Alpha.uexp" 980
"../../../Engine/Plugins/NNE/NNEDenoiser/Content/NNEDT_Oidn2-3_Balanced.uasset" 981
"../../../Engine/Plugins/NNE/NNEDenoiser/Content/NNEDT_Oidn2-3_Balanced.uexp" 982
"../../../Engine/Plugins/Animation/DeformerGraph/Content/Deformers/DG_LinearBlendSkin_Morph_Cloth_RecomputeNormals.uasset" 983
"../../../Engine/Plugins/Animation/DeformerGraph/Content/Deformers/DG_LinearBlendSkin_Morph_Cloth_RecomputeNormals.uexp" 984
"../../../Engine/Plugins/Animation/DeformerGraph/Content/Deformers/DG_LinearBlendSkin_Morph_Cloth.uasset" 985
"../../../Engine/Plugins/Animation/DeformerGraph/Content/Deformers/DG_LinearBlendSkin_Morph_Cloth.uexp" 986
"../../../Engine/Plugins/Animation/DeformerGraph/Content/DeformerFunctions/DG_Function_LinearBlendSkin_Morph_Cloth_PositionOnly.uasset" 987
"../../../Engine/Plugins/Animation/DeformerGraph/Content/DeformerFunctions/DG_Function_LinearBlendSkin_Morph_Cloth_PositionOnly.uexp" 988
"../../../Engine/Plugins/Animation/DeformerGraph/Content/DeformerFunctions/DG_Function_LinearBlendSkin_Morph_Cloth.uasset" 989
"../../../Engine/Plugins/Animation/DeformerGraph/Content/DeformerFunctions/DG_Function_LinearBlendSkin_Morph_Cloth.uexp" 990
"../../../Engine/Plugins/Animation/DeformerGraph/Content/DeformerFunctions/DG_Function_ComputeNormalsTangents.uasset" 991
"../../../Engine/Plugins/Animation/DeformerGraph/Content/DeformerFunctions/DG_Function_ComputeNormalsTangents.uexp" 992
"../../../Engine/Content/VREditor/TransformGizmo/StartRotationHandleIndicator.ubulk" 993
"../../../Engine/Content/VREditor/TransformGizmo/StartRotationHandleIndicator.uasset" 994
"../../../Engine/Content/VREditor/TransformGizmo/StartRotationHandleIndicator.uexp" 995
"../../../Engine/Content/VREditor/Sounds/UI/Drop_Item_From_ContentBrowser.ubulk" 996
"../../../Engine/Content/VREditor/Sounds/UI/Drop_Item_From_ContentBrowser.uasset" 997
"../../../Engine/Content/VREditor/Sounds/UI/Drop_Item_From_ContentBrowser.uexp" 998
"../../../Engine/Content/VREditor/TransformGizmo/PlaneTranslationHandle.ubulk" 999
"../../../Engine/Content/VREditor/TransformGizmo/PlaneTranslationHandle.uasset" 1000
"../../../Engine/Content/VREditor/TransformGizmo/PlaneTranslationHandle.uexp" 1001
"../../../Engine/Content/VREditor/Sounds/UI/Object_Snaps_To_Grid.ubulk" 1002
"../../../Engine/Content/VREditor/Sounds/UI/Object_Snaps_To_Grid.uasset" 1003
"../../../Engine/Content/VREditor/Sounds/UI/Object_Snaps_To_Grid.uexp" 1004
"../../../Engine/Content/VREditor/Sounds/UI/Selection_Changes.ubulk" 1005
"../../../Engine/Content/VREditor/Sounds/UI/Selection_Changes.uasset" 1006
"../../../Engine/Content/VREditor/Sounds/UI/Selection_Changes.uexp" 1007
"../../../Engine/Content/VREditor/Sounds/UI/Object_Snaps_To_Another_Actor.ubulk" 1008
"../../../Engine/Content/VREditor/Sounds/UI/Object_Snaps_To_Another_Actor.uasset" 1009
"../../../Engine/Content/VREditor/Sounds/UI/Object_Snaps_To_Another_Actor.uexp" 1010
"../../../Engine/Content/VREditor/TransformGizmo/TranslucentTransformGizmoMaterial_Inst.uasset" 1011
"../../../Engine/Content/VREditor/TransformGizmo/TranslucentTransformGizmoMaterial_Inst.uexp" 1012
"../../../Engine/Content/VREditor/TransformGizmo/TransformGizmoFreeRotation.ubulk" 1013
"../../../Engine/Content/VREditor/TransformGizmo/TransformGizmoFreeRotation.uasset" 1014
"../../../Engine/Content/VREditor/TransformGizmo/TransformGizmoFreeRotation.uexp" 1015
"../../../Engine/Content/VREditor/Sounds/UI/Scaling_Down.ubulk" 1016
"../../../Engine/Content/VREditor/Sounds/UI/Scaling_Down.uasset" 1017
"../../../Engine/Content/VREditor/Sounds/UI/Scaling_Down.uexp" 1018
"../../../Engine/Content/Functions/Engine_MaterialFunctions02/SplitComponents.uasset" 1019
"../../../Engine/Content/Functions/Engine_MaterialFunctions02/SplitComponents.uexp" 1020
"../../../Engine/Content/VREditor/SnapGrid/SnapGridMaterial.uasset" 1021
"../../../Engine/Content/VREditor/SnapGrid/SnapGridMaterial.uexp" 1022
"../../../Engine/Content/VREditor/SnapGrid/SnapGridPlaneMesh.ubulk" 1023
"../../../Engine/Content/VREditor/SnapGrid/SnapGridPlaneMesh.uasset" 1024
"../../../Engine/Content/VREditor/SnapGrid/SnapGridPlaneMesh.uexp" 1025
"../../../Engine/Content/VREditor/Sounds/UI/Scaling_Up.ubulk" 1026
"../../../Engine/Content/VREditor/Sounds/UI/Scaling_Up.uasset" 1027
"../../../Engine/Content/VREditor/Sounds/UI/Scaling_Up.uexp" 1028
"../../../Engine/Content/VREditor/TransformGizmo/TransformGizmoMaterial_Inst.uasset" 1029
"../../../Engine/Content/VREditor/TransformGizmo/TransformGizmoMaterial_Inst.uexp" 1030
"../../../Engine/Content/VREditor/Sounds/UI/Gizmo_Handle_Clicked.ubulk" 1031
"../../../Engine/Content/VREditor/Sounds/UI/Gizmo_Handle_Clicked.uasset" 1032
"../../../Engine/Content/VREditor/Sounds/UI/Gizmo_Handle_Clicked.uexp" 1033
"../../../Engine/Content/VREditor/TransformGizmo/RotationHandleQuarter.ubulk" 1034
"../../../Engine/Content/VREditor/TransformGizmo/RotationHandleQuarter.uasset" 1035
"../../../Engine/Content/VREditor/TransformGizmo/RotationHandleQuarter.uexp" 1036
"../../../Engine/Content/VREditor/TransformGizmo/TranslateArrowHandle.ubulk" 1037
"../../../Engine/Content/VREditor/TransformGizmo/TranslateArrowHandle.uasset" 1038
"../../../Engine/Content/VREditor/TransformGizmo/TranslateArrowHandle.uexp" 1039
"../../../Engine/Content/VREditor/TransformGizmo/RotationHandleIndicator.ubulk" 1040
"../../../Engine/Content/VREditor/TransformGizmo/RotationHandleIndicator.uasset" 1041
"../../../Engine/Content/VREditor/TransformGizmo/RotationHandleIndicator.uexp" 1042
"../../../Engine/Content/VREditor/TransformGizmo/UniformScaleHandle.ubulk" 1043
"../../../Engine/Content/VREditor/TransformGizmo/UniformScaleHandle.uasset" 1044
"../../../Engine/Content/VREditor/TransformGizmo/UniformScaleHandle.uexp" 1045
"../../../Engine/Content/VREditor/TransformGizmo/RotationHandleFull.ubulk" 1046
"../../../Engine/Content/VREditor/TransformGizmo/RotationHandleFull.uasset" 1047
"../../../Engine/Content/VREditor/TransformGizmo/RotationHandleFull.uexp" 1048
"../../../Engine/Content/VREditor/Sounds/UI/Object_PickUp.ubulk" 1049
"../../../Engine/Content/VREditor/Sounds/UI/Object_PickUp.uasset" 1050
"../../../Engine/Content/VREditor/Sounds/UI/Object_PickUp.uexp" 1051
"../../../Engine/Content/EngineResources/LandscapeVisibilityLayerInfo.uasset" 1052
"../../../Engine/Content/EngineResources/LandscapeVisibilityLayerInfo.uexp" 1053
"D:/pros/GASP6/Content/LevelPrototyping/Textures/T_GridChecker_A.ubulk" 1054
"D:/pros/GASP6/Content/LevelPrototyping/Textures/T_GridChecker_A.uasset" 1055
"D:/pros/GASP6/Content/LevelPrototyping/Textures/T_GridChecker_A.uexp" 1056
"../../../Engine/Content/Functions/Engine_MaterialFunctions01/Gradient/LinearGradient.uasset" 1057
"../../../Engine/Content/Functions/Engine_MaterialFunctions01/Gradient/LinearGradient.uexp" 1058
"../../../Engine/Content/Functions/Engine_MaterialFunctions01/ImageAdjustment/CheapContrast.uasset" 1059
"../../../Engine/Content/Functions/Engine_MaterialFunctions01/ImageAdjustment/CheapContrast.uexp" 1060
"D:/pros/GASP6/Content/LevelPrototyping/Materials/MF_ProcGrid.uasset" 1061
"D:/pros/GASP6/Content/LevelPrototyping/Materials/MF_ProcGrid.uexp" 1062
"D:/pros/GASP6/Content/LevelPrototyping/Materials/M_PrototypeGrid.uasset" 1063
"D:/pros/GASP6/Content/LevelPrototyping/Materials/M_PrototypeGrid.uexp" 1064
"D:/pros/GASP6/Content/LevelPrototyping/Materials/MI_PrototypeGrid_TopDark.uasset" 1065
"D:/pros/GASP6/Content/LevelPrototyping/Materials/MI_PrototypeGrid_TopDark.uexp" 1066
"D:/pros/GASP6/Content/LevelPrototyping/Materials/MI_PrototypeGrid_Gray.uasset" 1067
"D:/pros/GASP6/Content/LevelPrototyping/Materials/MI_PrototypeGrid_Gray.uexp" 1068
"D:/pros/GASP6/Content/LevelPrototyping/Meshes/SM_Ramp.ubulk" 1069
"D:/pros/GASP6/Content/LevelPrototyping/Meshes/SM_Ramp.uasset" 1070
"D:/pros/GASP6/Content/LevelPrototyping/Meshes/SM_Ramp.uexp" 1071
"D:/pros/GASP6/Content/LevelPrototyping/Meshes/SM_Cube.ubulk" 1072
"D:/pros/GASP6/Content/LevelPrototyping/Meshes/SM_Cube.uasset" 1073
"D:/pros/GASP6/Content/LevelPrototyping/Meshes/SM_Cube.uexp" 1074
"D:/pros/GASP6/Content/LevelPrototyping/Meshes/SM_QuarterCylinder.ubulk" 1075
"D:/pros/GASP6/Content/LevelPrototyping/Meshes/SM_QuarterCylinder.uasset" 1076
"D:/pros/GASP6/Content/LevelPrototyping/Meshes/SM_QuarterCylinder.uexp" 1077
"D:/pros/GASP6/Content/LevelPrototyping/Materials/M_Solid.uasset" 1078
"D:/pros/GASP6/Content/LevelPrototyping/Materials/M_Solid.uexp" 1079
"D:/pros/GASP6/Content/LevelPrototyping/Materials/MI_Solid_Blue.uasset" 1080
"D:/pros/GASP6/Content/LevelPrototyping/Materials/MI_Solid_Blue.uexp" 1081
"D:/pros/GASP6/Content/LevelPrototyping/Meshes/SM_ChamferCube.ubulk" 1082
"D:/pros/GASP6/Content/LevelPrototyping/Meshes/SM_ChamferCube.uasset" 1083
"D:/pros/GASP6/Content/LevelPrototyping/Meshes/SM_ChamferCube.uexp" 1084
"../../../Engine/Content/EngineSky/T_Sky_Stars.ubulk" 1085
"../../../Engine/Content/EngineSky/T_Sky_Stars.uasset" 1086
"../../../Engine/Content/EngineSky/T_Sky_Stars.uexp" 1087
"../../../Engine/Content/EngineSky/T_Sky_Clouds_M.ubulk" 1088
"../../../Engine/Content/EngineSky/T_Sky_Clouds_M.uasset" 1089
"../../../Engine/Content/EngineSky/T_Sky_Clouds_M.uexp" 1090
"../../../Engine/Content/EngineSky/T_Sky_Blue.ubulk" 1091
"../../../Engine/Content/EngineSky/T_Sky_Blue.uasset" 1092
"../../../Engine/Content/EngineSky/T_Sky_Blue.uexp" 1093
"../../../Engine/Content/EngineSky/M_Sky_Panning_Clouds2.uasset" 1094
"../../../Engine/Content/EngineSky/M_Sky_Panning_Clouds2.uexp" 1095
"../../../Engine/Content/EngineSky/SM_SkySphere.ubulk" 1096
"../../../Engine/Content/EngineSky/SM_SkySphere.uasset" 1097
"../../../Engine/Content/EngineSky/SM_SkySphere.uexp" 1098
"../../../Engine/Content/EngineSky/M_SimpleSkyDome.uasset" 1099
"../../../Engine/Content/EngineSky/M_SimpleSkyDome.uexp" 1100
"D:/pros/GASP6/Content/ThirdPerson/Maps/ThirdPersonMap.uexp" 1101
"D:/pros/GASP6/Content/ThirdPerson/Maps/ThirdPersonMap.umap" 1102
"../../../Engine/Content/Maps/Entry_BuiltData.uasset" 1103
"../../../Engine/Content/Maps/Entry_BuiltData.uexp" 1104
"../../../Engine/Content/Maps/Entry.uexp" 1105
"../../../Engine/Content/Maps/Entry.umap" 1106
